Generated /Users/julien/java/vertx-examples/core-examples/src/main/js/io/vertx/example/core/eventbus/pointtopoint/sender.js
Generated /Users/julien/java/vertx-examples/core-examples/src/main/groovy/io/vertx/example/core/eventbus/pointtopoint/sender.groovy
Generated /Users/julien/java/vertx-examples/core-examples/src/main/js/io/vertx/example/core/http/simple/client.js
Generated /Users/julien/java/vertx-examples/core-examples/src/main/groovy/io/vertx/example/core/http/simple/client.groovy
Generated /Users/julien/java/vertx-examples/core-examples/src/main/js/io/vertx/example/core/http/simpleformupload/simpleformuploadserver.js
Copying resource /Users/julien/java/vertx-examples/core-examples/src/main/java/io/vertx/example/core/http/simpleformupload/index.html to /Users/julien/java/vertx-examples/core-examples/src/main/js/io/vertx/example/core/http/simpleformupload
Generated /Users/julien/java/vertx-examples/core-examples/src/main/groovy/io/vertx/example/core/http/simpleformupload/simpleformuploadserver.groovy
Copying resource /Users/julien/java/vertx-examples/core-examples/src/main/java/io/vertx/example/core/http/simpleformupload/index.html to /Users/julien/java/vertx-examples/core-examples/src/main/groovy/io/vertx/example/core/http/simpleformupload
Generated /Users/julien/java/vertx-examples/core-examples/src/main/js/io/vertx/example/core/http/simpleform/simpleformserver.js
Copying resource /Users/julien/java/vertx-examples/core-examples/src/main/java/io/vertx/example/core/http/simpleform/index.html to /Users/julien/java/vertx-examples/core-examples/src/main/js/io/vertx/example/core/http/simpleform
Generated /Users/julien/java/vertx-examples/core-examples/src/main/groovy/io/vertx/example/core/http/simpleform/simpleformserver.groovy
Copying resource /Users/julien/java/vertx-examples/core-examples/src/main/java/io/vertx/example/core/http/simpleform/index.html to /Users/julien/java/vertx-examples/core-examples/src/main/groovy/io/vertx/example/core/http/simpleform
Generated /Users/julien/java/vertx-examples/core-examples/src/main/js/io/vertx/example/core/verticle/deploy/deployexample.js
Generated /Users/julien/java/vertx-examples/core-examples/src/main/groovy/io/vertx/example/core/verticle/deploy/deployexample.groovy
Generated /Users/julien/java/vertx-examples/core-examples/src/main/js/io/vertx/example/core/verticle/asyncstart/deployexample.js
Generated /Users/julien/java/vertx-examples/core-examples/src/main/groovy/io/vertx/example/core/verticle/asyncstart/deployexample.groovy
Skipping generation of io.vertx.example.core.verticle.deploy.OtherVerticle
java.lang.UnsupportedOperationException: Invoking a method of the same class is not supported
	at io.vertx.codetrans.ModelBuilder.visitMethodInvocation(ModelBuilder.java:340)
	at io.vertx.codetrans.ModelBuilder.visitMethodInvocation(ModelBuilder.java:47)
	at com.sun.tools.javac.tree.JCTree$JCMethodInvocation.accept(JCTree.java:1477)
	at com.sun.source.util.TreePathScanner.scan(TreePathScanner.java:68)
	at io.vertx.codetrans.ModelBuilder.scan(ModelBuilder.java:72)
	at io.vertx.codetrans.ModelBuilder.visitBinary(ModelBuilder.java:173)
	at io.vertx.codetrans.ModelBuilder.visitBinary(ModelBuilder.java:47)
	at com.sun.tools.javac.tree.JCTree$JCBinary.accept(JCTree.java:1795)
	at com.sun.source.util.TreePathScanner.scan(TreePathScanner.java:68)
	at io.vertx.codetrans.ModelBuilder.scan(ModelBuilder.java:72)
	at io.vertx.codetrans.ModelBuilder.lambda$visitMethodInvocation$66(ModelBuilder.java:346)
	at io.vertx.codetrans.ModelBuilder$$Lambda$29/448206835.apply(Unknown Source)
	at java.util.stream.ReferencePipeline$3$1.accept(ReferencePipeline.java:193)
	at java.util.Iterator.forEachRemaining(Iterator.java:116)
	at java.util.Spliterators$IteratorSpliterator.forEachRemaining(Spliterators.java:1801)
	at java.util.stream.AbstractPipeline.copyInto(AbstractPipeline.java:512)
	at java.util.stream.AbstractPipeline.wrapAndCopyInto(AbstractPipeline.java:502)
	at java.util.stream.ReduceOps$ReduceOp.evaluateSequential(ReduceOps.java:708)
	at java.util.stream.AbstractPipeline.evaluate(AbstractPipeline.java:234)
	at java.util.stream.ReferencePipeline.collect(ReferencePipeline.java:499)
	at io.vertx.codetrans.ModelBuilder.visitMethodInvocation(ModelBuilder.java:346)
	at io.vertx.codetrans.ModelBuilder.visitMethodInvocation(ModelBuilder.java:47)
	at com.sun.tools.javac.tree.JCTree$JCMethodInvocation.accept(JCTree.java:1477)
	at com.sun.source.util.TreePathScanner.scan(TreePathScanner.java:68)
	at io.vertx.codetrans.ModelBuilder.scan(ModelBuilder.java:72)
	at io.vertx.codetrans.ModelBuilder.visitExpressionStatement(ModelBuilder.java:166)
	at io.vertx.codetrans.ModelBuilder.visitExpressionStatement(ModelBuilder.java:47)
	at com.sun.tools.javac.tree.JCTree$JCExpressionStatement.accept(JCTree.java:1302)
	at com.sun.source.util.TreePathScanner.scan(TreePathScanner.java:68)
	at io.vertx.codetrans.ModelBuilder.scan(ModelBuilder.java:68)
	at io.vertx.codetrans.ModelBuilder.lambda$visitBlock$67(ModelBuilder.java:356)
	at io.vertx.codetrans.ModelBuilder$$Lambda$23/2053841228.apply(Unknown Source)
	at java.util.stream.ReferencePipeline$3$1.accept(ReferencePipeline.java:193)
	at java.util.Iterator.forEachRemaining(Iterator.java:116)
	at java.util.Spliterators$IteratorSpliterator.forEachRemaining(Spliterators.java:1801)
	at java.util.stream.AbstractPipeline.copyInto(AbstractPipeline.java:512)
	at java.util.stream.AbstractPipeline.wrapAndCopyInto(AbstractPipeline.java:502)
	at java.util.stream.ReduceOps$ReduceOp.evaluateSequential(ReduceOps.java:708)
	at java.util.stream.AbstractPipeline.evaluate(AbstractPipeline.java:234)
	at java.util.stream.ReferencePipeline.collect(ReferencePipeline.java:499)
	at io.vertx.codetrans.ModelBuilder.visitBlock(ModelBuilder.java:356)
	at io.vertx.codetrans.ModelBuilder.visitBlock(ModelBuilder.java:47)
	at com.sun.tools.javac.tree.JCTree$JCBlock.accept(JCTree.java:918)
	at com.sun.source.util.TreePathScanner.scan(TreePathScanner.java:68)
	at io.vertx.codetrans.ModelBuilder.scan(ModelBuilder.java:68)
	at io.vertx.codetrans.ModelBuilder.visitMethod(ModelBuilder.java:448)
	at io.vertx.codetrans.ModelBuilder.visitMethod(ModelBuilder.java:47)
	at com.sun.tools.javac.tree.JCTree$JCMethodDecl.accept(JCTree.java:800)
	at com.sun.source.util.TreePathScanner.scan(TreePathScanner.java:50)
	at io.vertx.codetrans.ModelBuilder.build(ModelBuilder.java:64)
	at io.vertx.codetrans.CodeTranslator.translate(CodeTranslator.java:42)
	at io.vertx.codetrans.CodeTransProcessor.process(CodeTransProcessor.java:128)
	at com.sun.tools.javac.processing.JavacProcessingEnvironment.callProcessor(JavacProcessingEnvironment.java:794)
	at com.sun.tools.javac.processing.JavacProcessingEnvironment.discoverAndRunProcs(JavacProcessingEnvironment.java:705)
	at com.sun.tools.javac.processing.JavacProcessingEnvironment.access$1800(JavacProcessingEnvironment.java:91)
	at com.sun.tools.javac.processing.JavacProcessingEnvironment$Round.run(JavacProcessingEnvironment.java:1035)
	at com.sun.tools.javac.processing.JavacProcessingEnvironment.doProcessing(JavacProcessingEnvironment.java:1176)
	at com.sun.tools.javac.main.JavaCompiler.processAnnotations(JavaCompiler.java:1170)
	at com.sun.tools.javac.main.JavaCompiler.compile(JavaCompiler.java:856)
	at com.sun.tools.javac.main.Main.compile(Main.java:523)
	at com.sun.tools.javac.api.JavacTaskImpl.doCall(JavacTaskImpl.java:129)
	at com.sun.tools.javac.api.JavacTaskImpl.call(JavacTaskImpl.java:138)
	at org.codehaus.plexus.compiler.javac.JavaxToolsCompiler.compileInProcess(JavaxToolsCompiler.java:126)
	at org.codehaus.plexus.compiler.javac.JavacCompiler.performCompile(JavacCompiler.java:169)
	at org.apache.maven.plugin.compiler.AbstractCompilerMojo.execute(AbstractCompilerMojo.java:785)
	at org.apache.maven.plugin.compiler.CompilerMojo.execute(CompilerMojo.java:129)
	at org.apache.maven.plugin.DefaultBuildPluginManager.executeMojo(DefaultBuildPluginManager.java:132)
	at org.apache.maven.lifecycle.internal.MojoExecutor.execute(MojoExecutor.java:208)
	at org.apache.maven.lifecycle.internal.MojoExecutor.execute(MojoExecutor.java:153)
	at org.apache.maven.lifecycle.internal.MojoExecutor.execute(MojoExecutor.java:145)
	at org.apache.maven.lifecycle.internal.LifecycleModuleBuilder.buildProject(LifecycleModuleBuilder.java:116)
	at org.apache.maven.lifecycle.internal.LifecycleModuleBuilder.buildProject(LifecycleModuleBuilder.java:80)
	at org.apache.maven.lifecycle.internal.builder.singlethreaded.SingleThreadedBuilder.build(SingleThreadedBuilder.java:51)
	at org.apache.maven.lifecycle.internal.LifecycleStarter.execute(LifecycleStarter.java:120)
	at org.apache.maven.DefaultMaven.doExecute(DefaultMaven.java:355)
	at org.apache.maven.DefaultMaven.execute(DefaultMaven.java:155)
	at org.apache.maven.cli.MavenCli.execute(MavenCli.java:584)
	at org.apache.maven.cli.MavenCli.doMain(MavenCli.java:216)
	at org.apache.maven.cli.MavenCli.main(MavenCli.java:160)
	at sun.reflect.NativeMethodAccessorImpl.invoke0(Native Method)
	at sun.reflect.NativeMethodAccessorImpl.invoke(NativeMethodAccessorImpl.java:62)
	at sun.reflect.DelegatingMethodAccessorImpl.invoke(DelegatingMethodAccessorImpl.java:43)
	at java.lang.reflect.Method.invoke(Method.java:497)
	at org.codehaus.plexus.classworlds.launcher.Launcher.launchEnhanced(Launcher.java:289)
	at org.codehaus.plexus.classworlds.launcher.Launcher.launch(Launcher.java:229)
	at org.codehaus.plexus.classworlds.launcher.Launcher.mainWithExitCode(Launcher.java:415)
	at org.codehaus.plexus.classworlds.launcher.Launcher.main(Launcher.java:356)
Skipping generation of io.vertx.example.core.verticle.deploy.OtherVerticle
java.lang.UnsupportedOperationException: Invoking a method of the same class is not supported
	at io.vertx.codetrans.ModelBuilder.visitMethodInvocation(ModelBuilder.java:340)
	at io.vertx.codetrans.ModelBuilder.visitMethodInvocation(ModelBuilder.java:47)
	at com.sun.tools.javac.tree.JCTree$JCMethodInvocation.accept(JCTree.java:1477)
	at com.sun.source.util.TreePathScanner.scan(TreePathScanner.java:68)
	at io.vertx.codetrans.ModelBuilder.scan(ModelBuilder.java:72)
	at io.vertx.codetrans.ModelBuilder.visitBinary(ModelBuilder.java:173)
	at io.vertx.codetrans.ModelBuilder.visitBinary(ModelBuilder.java:47)
	at com.sun.tools.javac.tree.JCTree$JCBinary.accept(JCTree.java:1795)
	at com.sun.source.util.TreePathScanner.scan(TreePathScanner.java:68)
	at io.vertx.codetrans.ModelBuilder.scan(ModelBuilder.java:72)
	at io.vertx.codetrans.ModelBuilder.lambda$visitMethodInvocation$66(ModelBuilder.java:346)
	at io.vertx.codetrans.ModelBuilder$$Lambda$29/448206835.apply(Unknown Source)
	at java.util.stream.ReferencePipeline$3$1.accept(ReferencePipeline.java:193)
	at java.util.Iterator.forEachRemaining(Iterator.java:116)
	at java.util.Spliterators$IteratorSpliterator.forEachRemaining(Spliterators.java:1801)
	at java.util.stream.AbstractPipeline.copyInto(AbstractPipeline.java:512)
	at java.util.stream.AbstractPipeline.wrapAndCopyInto(AbstractPipeline.java:502)
	at java.util.stream.ReduceOps$ReduceOp.evaluateSequential(ReduceOps.java:708)
	at java.util.stream.AbstractPipeline.evaluate(AbstractPipeline.java:234)
	at java.util.stream.ReferencePipeline.collect(ReferencePipeline.java:499)
	at io.vertx.codetrans.ModelBuilder.visitMethodInvocation(ModelBuilder.java:346)
	at io.vertx.codetrans.ModelBuilder.visitMethodInvocation(ModelBuilder.java:47)
	at com.sun.tools.javac.tree.JCTree$JCMethodInvocation.accept(JCTree.java:1477)
	at com.sun.source.util.TreePathScanner.scan(TreePathScanner.java:68)
	at io.vertx.codetrans.ModelBuilder.scan(ModelBuilder.java:72)
	at io.vertx.codetrans.ModelBuilder.visitExpressionStatement(ModelBuilder.java:166)
	at io.vertx.codetrans.ModelBuilder.visitExpressionStatement(ModelBuilder.java:47)
	at com.sun.tools.javac.tree.JCTree$JCExpressionStatement.accept(JCTree.java:1302)
	at com.sun.source.util.TreePathScanner.scan(TreePathScanner.java:68)
	at io.vertx.codetrans.ModelBuilder.scan(ModelBuilder.java:68)
	at io.vertx.codetrans.ModelBuilder.lambda$visitBlock$67(ModelBuilder.java:356)
	at io.vertx.codetrans.ModelBuilder$$Lambda$23/2053841228.apply(Unknown Source)
	at java.util.stream.ReferencePipeline$3$1.accept(ReferencePipeline.java:193)
	at java.util.Iterator.forEachRemaining(Iterator.java:116)
	at java.util.Spliterators$IteratorSpliterator.forEachRemaining(Spliterators.java:1801)
	at java.util.stream.AbstractPipeline.copyInto(AbstractPipeline.java:512)
	at java.util.stream.AbstractPipeline.wrapAndCopyInto(AbstractPipeline.java:502)
	at java.util.stream.ReduceOps$ReduceOp.evaluateSequential(ReduceOps.java:708)
	at java.util.stream.AbstractPipeline.evaluate(AbstractPipeline.java:234)
	at java.util.stream.ReferencePipeline.collect(ReferencePipeline.java:499)
	at io.vertx.codetrans.ModelBuilder.visitBlock(ModelBuilder.java:356)
	at io.vertx.codetrans.ModelBuilder.visitBlock(ModelBuilder.java:47)
	at com.sun.tools.javac.tree.JCTree$JCBlock.accept(JCTree.java:918)
	at com.sun.source.util.TreePathScanner.scan(TreePathScanner.java:68)
	at io.vertx.codetrans.ModelBuilder.scan(ModelBuilder.java:68)
	at io.vertx.codetrans.ModelBuilder.visitMethod(ModelBuilder.java:448)
	at io.vertx.codetrans.ModelBuilder.visitMethod(ModelBuilder.java:47)
	at com.sun.tools.javac.tree.JCTree$JCMethodDecl.accept(JCTree.java:800)
	at com.sun.source.util.TreePathScanner.scan(TreePathScanner.java:50)
	at io.vertx.codetrans.ModelBuilder.build(ModelBuilder.java:64)
	at io.vertx.codetrans.CodeTranslator.translate(CodeTranslator.java:42)
	at io.vertx.codetrans.CodeTransProcessor.process(CodeTransProcessor.java:128)
	at com.sun.tools.javac.processing.JavacProcessingEnvironment.callProcessor(JavacProcessingEnvironment.java:794)
	at com.sun.tools.javac.processing.JavacProcessingEnvironment.discoverAndRunProcs(JavacProcessingEnvironment.java:705)
	at com.sun.tools.javac.processing.JavacProcessingEnvironment.access$1800(JavacProcessingEnvironment.java:91)
	at com.sun.tools.javac.processing.JavacProcessingEnvironment$Round.run(JavacProcessingEnvironment.java:1035)
	at com.sun.tools.javac.processing.JavacProcessingEnvironment.doProcessing(JavacProcessingEnvironment.java:1176)
	at com.sun.tools.javac.main.JavaCompiler.processAnnotations(JavaCompiler.java:1170)
	at com.sun.tools.javac.main.JavaCompiler.compile(JavaCompiler.java:856)
	at com.sun.tools.javac.main.Main.compile(Main.java:523)
	at com.sun.tools.javac.api.JavacTaskImpl.doCall(JavacTaskImpl.java:129)
	at com.sun.tools.javac.api.JavacTaskImpl.call(JavacTaskImpl.java:138)
	at org.codehaus.plexus.compiler.javac.JavaxToolsCompiler.compileInProcess(JavaxToolsCompiler.java:126)
	at org.codehaus.plexus.compiler.javac.JavacCompiler.performCompile(JavacCompiler.java:169)
	at org.apache.maven.plugin.compiler.AbstractCompilerMojo.execute(AbstractCompilerMojo.java:785)
	at org.apache.maven.plugin.compiler.CompilerMojo.execute(CompilerMojo.java:129)
	at org.apache.maven.plugin.DefaultBuildPluginManager.executeMojo(DefaultBuildPluginManager.java:132)
	at org.apache.maven.lifecycle.internal.MojoExecutor.execute(MojoExecutor.java:208)
	at org.apache.maven.lifecycle.internal.MojoExecutor.execute(MojoExecutor.java:153)
	at org.apache.maven.lifecycle.internal.MojoExecutor.execute(MojoExecutor.java:145)
	at org.apache.maven.lifecycle.internal.LifecycleModuleBuilder.buildProject(LifecycleModuleBuilder.java:116)
	at org.apache.maven.lifecycle.internal.LifecycleModuleBuilder.buildProject(LifecycleModuleBuilder.java:80)
	at org.apache.maven.lifecycle.internal.builder.singlethreaded.SingleThreadedBuilder.build(SingleThreadedBuilder.java:51)
	at org.apache.maven.lifecycle.internal.LifecycleStarter.execute(LifecycleStarter.java:120)
	at org.apache.maven.DefaultMaven.doExecute(DefaultMaven.java:355)
	at org.apache.maven.DefaultMaven.execute(DefaultMaven.java:155)
	at org.apache.maven.cli.MavenCli.execute(MavenCli.java:584)
	at org.apache.maven.cli.MavenCli.doMain(MavenCli.java:216)
	at org.apache.maven.cli.MavenCli.main(MavenCli.java:160)
	at sun.reflect.NativeMethodAccessorImpl.invoke0(Native Method)
	at sun.reflect.NativeMethodAccessorImpl.invoke(NativeMethodAccessorImpl.java:62)
	at sun.reflect.DelegatingMethodAccessorImpl.invoke(DelegatingMethodAccessorImpl.java:43)
	at java.lang.reflect.Method.invoke(Method.java:497)
	at org.codehaus.plexus.classworlds.launcher.Launcher.launchEnhanced(Launcher.java:289)
	at org.codehaus.plexus.classworlds.launcher.Launcher.launch(Launcher.java:229)
	at org.codehaus.plexus.classworlds.launcher.Launcher.mainWithExitCode(Launcher.java:415)
	at org.codehaus.plexus.classworlds.launcher.Launcher.main(Launcher.java:356)
Generated /Users/julien/java/vertx-examples/core-examples/src/main/js/io/vertx/example/core/http/https/server.js
Generated /Users/julien/java/vertx-examples/core-examples/src/main/groovy/io/vertx/example/core/http/https/server.groovy
Generated /Users/julien/java/vertx-examples/core-examples/src/main/js/io/vertx/example/core/net/echo/client.js
Generated /Users/julien/java/vertx-examples/core-examples/src/main/groovy/io/vertx/example/core/net/echo/client.groovy
Generated /Users/julien/java/vertx-examples/core-examples/src/main/js/io/vertx/example/core/eventbus/pointtopoint/receiver.js
Generated /Users/julien/java/vertx-examples/core-examples/src/main/groovy/io/vertx/example/core/eventbus/pointtopoint/receiver.groovy
Generated /Users/julien/java/vertx-examples/core-examples/src/main/js/io/vertx/example/core/http/websockets/server.js
Copying resource /Users/julien/java/vertx-examples/core-examples/src/main/java/io/vertx/example/core/http/websockets/ws.html to /Users/julien/java/vertx-examples/core-examples/src/main/js/io/vertx/example/core/http/websockets
Generated /Users/julien/java/vertx-examples/core-examples/src/main/groovy/io/vertx/example/core/http/websockets/server.groovy
Copying resource /Users/julien/java/vertx-examples/core-examples/src/main/java/io/vertx/example/core/http/websockets/ws.html to /Users/julien/java/vertx-examples/core-examples/src/main/groovy/io/vertx/example/core/http/websockets
Generated /Users/julien/java/vertx-examples/core-examples/src/main/js/io/vertx/example/core/net/echo/server.js
Generated /Users/julien/java/vertx-examples/core-examples/src/main/groovy/io/vertx/example/core/net/echo/server.groovy
Generated /Users/julien/java/vertx-examples/core-examples/src/main/js/io/vertx/example/core/http/websockets/client.js
Generated /Users/julien/java/vertx-examples/core-examples/src/main/groovy/io/vertx/example/core/http/websockets/client.groovy
Generated /Users/julien/java/vertx-examples/core-examples/src/main/js/io/vertx/example/core/http/proxy/client.js
Generated /Users/julien/java/vertx-examples/core-examples/src/main/groovy/io/vertx/example/core/http/proxy/client.groovy
Generated /Users/julien/java/vertx-examples/core-examples/src/main/js/io/vertx/example/core/eventbus/pubsub/sender.js
Generated /Users/julien/java/vertx-examples/core-examples/src/main/groovy/io/vertx/example/core/eventbus/pubsub/sender.groovy
Generated /Users/julien/java/vertx-examples/core-examples/src/main/js/io/vertx/example/core/http/upload/client.js
Copying resource /Users/julien/java/vertx-examples/core-examples/src/main/java/io/vertx/example/core/http/upload/upload.txt to /Users/julien/java/vertx-examples/core-examples/src/main/js/io/vertx/example/core/http/upload
Generated /Users/julien/java/vertx-examples/core-examples/src/main/groovy/io/vertx/example/core/http/upload/client.groovy
Copying resource /Users/julien/java/vertx-examples/core-examples/src/main/java/io/vertx/example/core/http/upload/upload.txt to /Users/julien/java/vertx-examples/core-examples/src/main/groovy/io/vertx/example/core/http/upload
Generated /Users/julien/java/vertx-examples/core-examples/src/main/js/io/vertx/example/core/net/echossl/server.js
Generated /Users/julien/java/vertx-examples/core-examples/src/main/groovy/io/vertx/example/core/net/echossl/server.groovy
Generated /Users/julien/java/vertx-examples/core-examples/src/main/js/io/vertx/example/core/http/upload/server.js
Generated /Users/julien/java/vertx-examples/core-examples/src/main/groovy/io/vertx/example/core/http/upload/server.groovy
Generated /Users/julien/java/vertx-examples/core-examples/src/main/js/io/vertx/example/core/http/proxy/server.js
Generated /Users/julien/java/vertx-examples/core-examples/src/main/groovy/io/vertx/example/core/http/proxy/server.groovy
Generated /Users/julien/java/vertx-examples/core-examples/src/main/js/io/vertx/example/core/http/sendfile/sendfile.js
Copying resource /Users/julien/java/vertx-examples/core-examples/src/main/java/io/vertx/example/core/http/sendfile/index.html to /Users/julien/java/vertx-examples/core-examples/src/main/js/io/vertx/example/core/http/sendfile
Copying resource /Users/julien/java/vertx-examples/core-examples/src/main/java/io/vertx/example/core/http/sendfile/page1.html to /Users/julien/java/vertx-examples/core-examples/src/main/js/io/vertx/example/core/http/sendfile
Copying resource /Users/julien/java/vertx-examples/core-examples/src/main/java/io/vertx/example/core/http/sendfile/page2.html to /Users/julien/java/vertx-examples/core-examples/src/main/js/io/vertx/example/core/http/sendfile
Generated /Users/julien/java/vertx-examples/core-examples/src/main/groovy/io/vertx/example/core/http/sendfile/sendfile.groovy
Copying resource /Users/julien/java/vertx-examples/core-examples/src/main/java/io/vertx/example/core/http/sendfile/index.html to /Users/julien/java/vertx-examples/core-examples/src/main/groovy/io/vertx/example/core/http/sendfile
Copying resource /Users/julien/java/vertx-examples/core-examples/src/main/java/io/vertx/example/core/http/sendfile/page1.html to /Users/julien/java/vertx-examples/core-examples/src/main/groovy/io/vertx/example/core/http/sendfile
Copying resource /Users/julien/java/vertx-examples/core-examples/src/main/java/io/vertx/example/core/http/sendfile/page2.html to /Users/julien/java/vertx-examples/core-examples/src/main/groovy/io/vertx/example/core/http/sendfile
Generated /Users/julien/java/vertx-examples/core-examples/src/main/js/io/vertx/example/core/http/proxy/proxy.js
Generated /Users/julien/java/vertx-examples/core-examples/src/main/groovy/io/vertx/example/core/http/proxy/proxy.groovy
Generated /Users/julien/java/vertx-examples/core-examples/src/main/js/io/vertx/example/core/http/simple/server.js
Generated /Users/julien/java/vertx-examples/core-examples/src/main/groovy/io/vertx/example/core/http/simple/server.groovy
Generated /Users/julien/java/vertx-examples/core-examples/src/main/js/io/vertx/example/core/http/https/client.js
Generated /Users/julien/java/vertx-examples/core-examples/src/main/groovy/io/vertx/example/core/http/https/client.groovy
Skipping generation of io.vertx.example.core.execblocking.ExecBlockingExample
java.lang.NullPointerException
	at io.vertx.codetrans.JavaScriptLang.renderStatement(JavaScriptLang.java:78)
	at io.vertx.codetrans.ModelBuilder$1.render(ModelBuilder.java:411)
	at io.vertx.codetrans.Lang.renderBlock(Lang.java:62)
	at io.vertx.codetrans.JavaScriptLang.renderBlock(JavaScriptLang.java:85)
	at io.vertx.codetrans.ModelBuilder.lambda$visitBlock$68(ModelBuilder.java:405)
	at io.vertx.codetrans.ModelBuilder$$Lambda$42/1787843859.accept(Unknown Source)
	at io.vertx.codetrans.StatementModel$1.render(StatementModel.java:20)
	at io.vertx.codetrans.JavaScriptLang.renderLambda(JavaScriptLang.java:214)
	at io.vertx.codetrans.LambdaExpressionModel.render(LambdaExpressionModel.java:43)
	at io.vertx.codetrans.Lang.renderMethodInvocation(Lang.java:81)
	at io.vertx.codetrans.ExpressionModel.lambda$onMethodInvocation$4(ExpressionModel.java:36)
	at io.vertx.codetrans.ExpressionModel$$Lambda$30/1734881808.accept(Unknown Source)
	at io.vertx.codetrans.ExpressionModel$5.render(ExpressionModel.java:166)
	at io.vertx.codetrans.ModelBuilder$$Lambda$41/1708990865.accept(Unknown Source)
	at io.vertx.codetrans.StatementModel$1.render(StatementModel.java:20)
	at io.vertx.codetrans.JavaScriptLang.renderStatement(JavaScriptLang.java:78)
	at io.vertx.codetrans.ModelBuilder$1.render(ModelBuilder.java:411)
	at io.vertx.codetrans.Lang.renderBlock(Lang.java:62)
	at io.vertx.codetrans.JavaScriptLang.renderBlock(JavaScriptLang.java:85)
	at io.vertx.codetrans.ModelBuilder.lambda$visitBlock$68(ModelBuilder.java:405)
	at io.vertx.codetrans.ModelBuilder$$Lambda$42/1787843859.accept(Unknown Source)
	at io.vertx.codetrans.StatementModel$1.render(StatementModel.java:20)
	at io.vertx.codetrans.JavaScriptLang.renderLambda(JavaScriptLang.java:214)
	at io.vertx.codetrans.LambdaExpressionModel.render(LambdaExpressionModel.java:43)
	at io.vertx.codetrans.Lang.renderMethodInvocation(Lang.java:81)
	at io.vertx.codetrans.ExpressionModel.lambda$onMethodInvocation$4(ExpressionModel.java:36)
	at io.vertx.codetrans.ExpressionModel$$Lambda$30/1734881808.accept(Unknown Source)
	at io.vertx.codetrans.ExpressionModel$5.render(ExpressionModel.java:166)
	at io.vertx.codetrans.Lang.renderMethodInvocation(Lang.java:73)
	at io.vertx.codetrans.ExpressionModel.lambda$onMethodInvocation$4(ExpressionModel.java:36)
	at io.vertx.codetrans.ExpressionModel$$Lambda$30/1734881808.accept(Unknown Source)
	at io.vertx.codetrans.ExpressionModel$5.render(ExpressionModel.java:166)
	at io.vertx.codetrans.ModelBuilder$$Lambda$41/1708990865.accept(Unknown Source)
	at io.vertx.codetrans.StatementModel$1.render(StatementModel.java:20)
	at io.vertx.codetrans.JavaScriptLang.renderStatement(JavaScriptLang.java:78)
	at io.vertx.codetrans.ModelBuilder$1.render(ModelBuilder.java:411)
	at io.vertx.codetrans.Lang.renderBlock(Lang.java:62)
	at io.vertx.codetrans.JavaScriptLang.renderBlock(JavaScriptLang.java:88)
	at io.vertx.codetrans.ModelBuilder.lambda$visitBlock$68(ModelBuilder.java:405)
	at io.vertx.codetrans.ModelBuilder$$Lambda$42/1787843859.accept(Unknown Source)
	at io.vertx.codetrans.StatementModel$1.render(StatementModel.java:20)
	at io.vertx.codetrans.CodeTranslator.translate(CodeTranslator.java:44)
	at io.vertx.codetrans.CodeTransProcessor.process(CodeTransProcessor.java:128)
	at com.sun.tools.javac.processing.JavacProcessingEnvironment.callProcessor(JavacProcessingEnvironment.java:794)
	at com.sun.tools.javac.processing.JavacProcessingEnvironment.discoverAndRunProcs(JavacProcessingEnvironment.java:705)
	at com.sun.tools.javac.processing.JavacProcessingEnvironment.access$1800(JavacProcessingEnvironment.java:91)
	at com.sun.tools.javac.processing.JavacProcessingEnvironment$Round.run(JavacProcessingEnvironment.java:1035)
	at com.sun.tools.javac.processing.JavacProcessingEnvironment.doProcessing(JavacProcessingEnvironment.java:1176)
	at com.sun.tools.javac.main.JavaCompiler.processAnnotations(JavaCompiler.java:1170)
	at com.sun.tools.javac.main.JavaCompiler.compile(JavaCompiler.java:856)
	at com.sun.tools.javac.main.Main.compile(Main.java:523)
	at com.sun.tools.javac.api.JavacTaskImpl.doCall(JavacTaskImpl.java:129)
	at com.sun.tools.javac.api.JavacTaskImpl.call(JavacTaskImpl.java:138)
	at org.codehaus.plexus.compiler.javac.JavaxToolsCompiler.compileInProcess(JavaxToolsCompiler.java:126)
	at org.codehaus.plexus.compiler.javac.JavacCompiler.performCompile(JavacCompiler.java:169)
	at org.apache.maven.plugin.compiler.AbstractCompilerMojo.execute(AbstractCompilerMojo.java:785)
	at org.apache.maven.plugin.compiler.CompilerMojo.execute(CompilerMojo.java:129)
	at org.apache.maven.plugin.DefaultBuildPluginManager.executeMojo(DefaultBuildPluginManager.java:132)
	at org.apache.maven.lifecycle.internal.MojoExecutor.execute(MojoExecutor.java:208)
	at org.apache.maven.lifecycle.internal.MojoExecutor.execute(MojoExecutor.java:153)
	at org.apache.maven.lifecycle.internal.MojoExecutor.execute(MojoExecutor.java:145)
	at org.apache.maven.lifecycle.internal.LifecycleModuleBuilder.buildProject(LifecycleModuleBuilder.java:116)
	at org.apache.maven.lifecycle.internal.LifecycleModuleBuilder.buildProject(LifecycleModuleBuilder.java:80)
	at org.apache.maven.lifecycle.internal.builder.singlethreaded.SingleThreadedBuilder.build(SingleThreadedBuilder.java:51)
	at org.apache.maven.lifecycle.internal.LifecycleStarter.execute(LifecycleStarter.java:120)
	at org.apache.maven.DefaultMaven.doExecute(DefaultMaven.java:355)
	at org.apache.maven.DefaultMaven.execute(DefaultMaven.java:155)
	at org.apache.maven.cli.MavenCli.execute(MavenCli.java:584)
	at org.apache.maven.cli.MavenCli.doMain(MavenCli.java:216)
	at org.apache.maven.cli.MavenCli.main(MavenCli.java:160)
	at sun.reflect.NativeMethodAccessorImpl.invoke0(Native Method)
	at sun.reflect.NativeMethodAccessorImpl.invoke(NativeMethodAccessorImpl.java:62)
	at sun.reflect.DelegatingMethodAccessorImpl.invoke(DelegatingMethodAccessorImpl.java:43)
	at java.lang.reflect.Method.invoke(Method.java:497)
	at org.codehaus.plexus.classworlds.launcher.Launcher.launchEnhanced(Launcher.java:289)
	at org.codehaus.plexus.classworlds.launcher.Launcher.launch(Launcher.java:229)
	at org.codehaus.plexus.classworlds.launcher.Launcher.mainWithExitCode(Launcher.java:415)
	at org.codehaus.plexus.classworlds.launcher.Launcher.main(Launcher.java:356)
Skipping generation of io.vertx.example.core.execblocking.ExecBlockingExample
java.lang.NullPointerException
	at io.vertx.codetrans.GroovyLang.renderStatement(GroovyLang.java:48)
	at io.vertx.codetrans.ModelBuilder$1.render(ModelBuilder.java:411)
	at io.vertx.codetrans.Lang.renderBlock(Lang.java:62)
	at io.vertx.codetrans.GroovyLang.renderBlock(GroovyLang.java:55)
	at io.vertx.codetrans.ModelBuilder.lambda$visitBlock$68(ModelBuilder.java:405)
	at io.vertx.codetrans.ModelBuilder$$Lambda$42/1787843859.accept(Unknown Source)
	at io.vertx.codetrans.StatementModel$1.render(StatementModel.java:20)
	at io.vertx.codetrans.GroovyLang.renderLambda(GroovyLang.java:166)
	at io.vertx.codetrans.LambdaExpressionModel.render(LambdaExpressionModel.java:43)
	at io.vertx.codetrans.Lang.renderMethodInvocation(Lang.java:81)
	at io.vertx.codetrans.ExpressionModel.lambda$onMethodInvocation$4(ExpressionModel.java:36)
	at io.vertx.codetrans.ExpressionModel$$Lambda$30/1734881808.accept(Unknown Source)
	at io.vertx.codetrans.ExpressionModel$5.render(ExpressionModel.java:166)
	at io.vertx.codetrans.ModelBuilder$$Lambda$41/1708990865.accept(Unknown Source)
	at io.vertx.codetrans.StatementModel$1.render(StatementModel.java:20)
	at io.vertx.codetrans.GroovyLang.renderStatement(GroovyLang.java:48)
	at io.vertx.codetrans.ModelBuilder$1.render(ModelBuilder.java:411)
	at io.vertx.codetrans.Lang.renderBlock(Lang.java:62)
	at io.vertx.codetrans.GroovyLang.renderBlock(GroovyLang.java:55)
	at io.vertx.codetrans.ModelBuilder.lambda$visitBlock$68(ModelBuilder.java:405)
	at io.vertx.codetrans.ModelBuilder$$Lambda$42/1787843859.accept(Unknown Source)
	at io.vertx.codetrans.StatementModel$1.render(StatementModel.java:20)
	at io.vertx.codetrans.GroovyLang.renderLambda(GroovyLang.java:166)
	at io.vertx.codetrans.LambdaExpressionModel.render(LambdaExpressionModel.java:43)
	at io.vertx.codetrans.Lang.renderMethodInvocation(Lang.java:81)
	at io.vertx.codetrans.ExpressionModel.lambda$onMethodInvocation$4(ExpressionModel.java:36)
	at io.vertx.codetrans.ExpressionModel$$Lambda$30/1734881808.accept(Unknown Source)
	at io.vertx.codetrans.ExpressionModel$5.render(ExpressionModel.java:166)
	at io.vertx.codetrans.Lang.renderMethodInvocation(Lang.java:73)
	at io.vertx.codetrans.ExpressionModel.lambda$onMethodInvocation$4(ExpressionModel.java:36)
	at io.vertx.codetrans.ExpressionModel$$Lambda$30/1734881808.accept(Unknown Source)
	at io.vertx.codetrans.ExpressionModel$5.render(ExpressionModel.java:166)
	at io.vertx.codetrans.ModelBuilder$$Lambda$41/1708990865.accept(Unknown Source)
	at io.vertx.codetrans.StatementModel$1.render(StatementModel.java:20)
	at io.vertx.codetrans.GroovyLang.renderStatement(GroovyLang.java:48)
	at io.vertx.codetrans.ModelBuilder$1.render(ModelBuilder.java:411)
	at io.vertx.codetrans.Lang.renderBlock(Lang.java:62)
	at io.vertx.codetrans.GroovyLang.renderBlock(GroovyLang.java:58)
	at io.vertx.codetrans.ModelBuilder.lambda$visitBlock$68(ModelBuilder.java:405)
	at io.vertx.codetrans.ModelBuilder$$Lambda$42/1787843859.accept(Unknown Source)
	at io.vertx.codetrans.StatementModel$1.render(StatementModel.java:20)
	at io.vertx.codetrans.CodeTranslator.translate(CodeTranslator.java:44)
	at io.vertx.codetrans.CodeTransProcessor.process(CodeTransProcessor.java:128)
	at com.sun.tools.javac.processing.JavacProcessingEnvironment.callProcessor(JavacProcessingEnvironment.java:794)
	at com.sun.tools.javac.processing.JavacProcessingEnvironment.discoverAndRunProcs(JavacProcessingEnvironment.java:705)
	at com.sun.tools.javac.processing.JavacProcessingEnvironment.access$1800(JavacProcessingEnvironment.java:91)
	at com.sun.tools.javac.processing.JavacProcessingEnvironment$Round.run(JavacProcessingEnvironment.java:1035)
	at com.sun.tools.javac.processing.JavacProcessingEnvironment.doProcessing(JavacProcessingEnvironment.java:1176)
	at com.sun.tools.javac.main.JavaCompiler.processAnnotations(JavaCompiler.java:1170)
	at com.sun.tools.javac.main.JavaCompiler.compile(JavaCompiler.java:856)
	at com.sun.tools.javac.main.Main.compile(Main.java:523)
	at com.sun.tools.javac.api.JavacTaskImpl.doCall(JavacTaskImpl.java:129)
	at com.sun.tools.javac.api.JavacTaskImpl.call(JavacTaskImpl.java:138)
	at org.codehaus.plexus.compiler.javac.JavaxToolsCompiler.compileInProcess(JavaxToolsCompiler.java:126)
	at org.codehaus.plexus.compiler.javac.JavacCompiler.performCompile(JavacCompiler.java:169)
	at org.apache.maven.plugin.compiler.AbstractCompilerMojo.execute(AbstractCompilerMojo.java:785)
	at org.apache.maven.plugin.compiler.CompilerMojo.execute(CompilerMojo.java:129)
	at org.apache.maven.plugin.DefaultBuildPluginManager.executeMojo(DefaultBuildPluginManager.java:132)
	at org.apache.maven.lifecycle.internal.MojoExecutor.execute(MojoExecutor.java:208)
	at org.apache.maven.lifecycle.internal.MojoExecutor.execute(MojoExecutor.java:153)
	at org.apache.maven.lifecycle.internal.MojoExecutor.execute(MojoExecutor.java:145)
	at org.apache.maven.lifecycle.internal.LifecycleModuleBuilder.buildProject(LifecycleModuleBuilder.java:116)
	at org.apache.maven.lifecycle.internal.LifecycleModuleBuilder.buildProject(LifecycleModuleBuilder.java:80)
	at org.apache.maven.lifecycle.internal.builder.singlethreaded.SingleThreadedBuilder.build(SingleThreadedBuilder.java:51)
	at org.apache.maven.lifecycle.internal.LifecycleStarter.execute(LifecycleStarter.java:120)
	at org.apache.maven.DefaultMaven.doExecute(DefaultMaven.java:355)
	at org.apache.maven.DefaultMaven.execute(DefaultMaven.java:155)
	at org.apache.maven.cli.MavenCli.execute(MavenCli.java:584)
	at org.apache.maven.cli.MavenCli.doMain(MavenCli.java:216)
	at org.apache.maven.cli.MavenCli.main(MavenCli.java:160)
	at sun.reflect.NativeMethodAccessorImpl.invoke0(Native Method)
	at sun.reflect.NativeMethodAccessorImpl.invoke(NativeMethodAccessorImpl.java:62)
	at sun.reflect.DelegatingMethodAccessorImpl.invoke(DelegatingMethodAccessorImpl.java:43)
	at java.lang.reflect.Method.invoke(Method.java:497)
	at org.codehaus.plexus.classworlds.launcher.Launcher.launchEnhanced(Launcher.java:289)
	at org.codehaus.plexus.classworlds.launcher.Launcher.launch(Launcher.java:229)
	at org.codehaus.plexus.classworlds.launcher.Launcher.mainWithExitCode(Launcher.java:415)
	at org.codehaus.plexus.classworlds.launcher.Launcher.main(Launcher.java:356)
Generated /Users/julien/java/vertx-examples/core-examples/src/main/js/io/vertx/example/core/eventbus/pubsub/receiver.js
Generated /Users/julien/java/vertx-examples/core-examples/src/main/groovy/io/vertx/example/core/eventbus/pubsub/receiver.groovy
Generated /Users/julien/java/vertx-examples/core-examples/src/main/js/io/vertx/example/core/net/echossl/client.js
Generated /Users/julien/java/vertx-examples/core-examples/src/main/groovy/io/vertx/example/core/net/echossl/client.groovy
Generated /Users/julien/java/vertx-examples/core-examples/src/main/js/io/vertx/example/core/eventbus/pointtopoint/sender.js
Generated /Users/julien/java/vertx-examples/core-examples/src/main/groovy/io/vertx/example/core/eventbus/pointtopoint/sender.groovy
Generated /Users/julien/java/vertx-examples/core-examples/src/main/js/io/vertx/example/core/http/simple/client.js
Generated /Users/julien/java/vertx-examples/core-examples/src/main/groovy/io/vertx/example/core/http/simple/client.groovy
Generated /Users/julien/java/vertx-examples/core-examples/src/main/js/io/vertx/example/core/http/simpleformupload/simpleformuploadserver.js
Copying resource /Users/julien/java/vertx-examples/core-examples/src/main/java/io/vertx/example/core/http/simpleformupload/index.html to /Users/julien/java/vertx-examples/core-examples/src/main/js/io/vertx/example/core/http/simpleformupload
Generated /Users/julien/java/vertx-examples/core-examples/src/main/groovy/io/vertx/example/core/http/simpleformupload/simpleformuploadserver.groovy
Copying resource /Users/julien/java/vertx-examples/core-examples/src/main/java/io/vertx/example/core/http/simpleformupload/index.html to /Users/julien/java/vertx-examples/core-examples/src/main/groovy/io/vertx/example/core/http/simpleformupload
Generated /Users/julien/java/vertx-examples/core-examples/src/main/js/io/vertx/example/core/http/simpleform/simpleformserver.js
Copying resource /Users/julien/java/vertx-examples/core-examples/src/main/java/io/vertx/example/core/http/simpleform/index.html to /Users/julien/java/vertx-examples/core-examples/src/main/js/io/vertx/example/core/http/simpleform
Generated /Users/julien/java/vertx-examples/core-examples/src/main/groovy/io/vertx/example/core/http/simpleform/simpleformserver.groovy
Copying resource /Users/julien/java/vertx-examples/core-examples/src/main/java/io/vertx/example/core/http/simpleform/index.html to /Users/julien/java/vertx-examples/core-examples/src/main/groovy/io/vertx/example/core/http/simpleform
Generated /Users/julien/java/vertx-examples/core-examples/src/main/js/io/vertx/example/core/verticle/deploy/deployexample.js
Generated /Users/julien/java/vertx-examples/core-examples/src/main/groovy/io/vertx/example/core/verticle/deploy/deployexample.groovy
Generated /Users/julien/java/vertx-examples/core-examples/src/main/js/io/vertx/example/core/verticle/asyncstart/deployexample.js
Generated /Users/julien/java/vertx-examples/core-examples/src/main/groovy/io/vertx/example/core/verticle/asyncstart/deployexample.groovy
Skipping generation of io.vertx.example.core.verticle.deploy.OtherVerticle
java.lang.UnsupportedOperationException: Invoking a method of the same class is not supported
	at io.vertx.codetrans.ModelBuilder.visitMethodInvocation(ModelBuilder.java:340)
	at io.vertx.codetrans.ModelBuilder.visitMethodInvocation(ModelBuilder.java:47)
	at com.sun.tools.javac.tree.JCTree$JCMethodInvocation.accept(JCTree.java:1477)
	at com.sun.source.util.TreePathScanner.scan(TreePathScanner.java:68)
	at io.vertx.codetrans.ModelBuilder.scan(ModelBuilder.java:72)
	at io.vertx.codetrans.ModelBuilder.visitBinary(ModelBuilder.java:173)
	at io.vertx.codetrans.ModelBuilder.visitBinary(ModelBuilder.java:47)
	at com.sun.tools.javac.tree.JCTree$JCBinary.accept(JCTree.java:1795)
	at com.sun.source.util.TreePathScanner.scan(TreePathScanner.java:68)
	at io.vertx.codetrans.ModelBuilder.scan(ModelBuilder.java:72)
	at io.vertx.codetrans.ModelBuilder.lambda$visitMethodInvocation$66(ModelBuilder.java:346)
	at io.vertx.codetrans.ModelBuilder$$Lambda$11/1550991149.apply(Unknown Source)
	at java.util.stream.ReferencePipeline$3$1.accept(ReferencePipeline.java:193)
	at java.util.Iterator.forEachRemaining(Iterator.java:116)
	at java.util.Spliterators$IteratorSpliterator.forEachRemaining(Spliterators.java:1801)
	at java.util.stream.AbstractPipeline.copyInto(AbstractPipeline.java:512)
	at java.util.stream.AbstractPipeline.wrapAndCopyInto(AbstractPipeline.java:502)
	at java.util.stream.ReduceOps$ReduceOp.evaluateSequential(ReduceOps.java:708)
	at java.util.stream.AbstractPipeline.evaluate(AbstractPipeline.java:234)
	at java.util.stream.ReferencePipeline.collect(ReferencePipeline.java:499)
	at io.vertx.codetrans.ModelBuilder.visitMethodInvocation(ModelBuilder.java:346)
	at io.vertx.codetrans.ModelBuilder.visitMethodInvocation(ModelBuilder.java:47)
	at com.sun.tools.javac.tree.JCTree$JCMethodInvocation.accept(JCTree.java:1477)
	at com.sun.source.util.TreePathScanner.scan(TreePathScanner.java:68)
	at io.vertx.codetrans.ModelBuilder.scan(ModelBuilder.java:72)
	at io.vertx.codetrans.ModelBuilder.visitExpressionStatement(ModelBuilder.java:166)
	at io.vertx.codetrans.ModelBuilder.visitExpressionStatement(ModelBuilder.java:47)
	at com.sun.tools.javac.tree.JCTree$JCExpressionStatement.accept(JCTree.java:1302)
	at com.sun.source.util.TreePathScanner.scan(TreePathScanner.java:68)
	at io.vertx.codetrans.ModelBuilder.scan(ModelBuilder.java:68)
	at io.vertx.codetrans.ModelBuilder.lambda$visitBlock$67(ModelBuilder.java:356)
	at io.vertx.codetrans.ModelBuilder$$Lambda$1/1287401019.apply(Unknown Source)
	at java.util.stream.ReferencePipeline$3$1.accept(ReferencePipeline.java:193)
	at java.util.Iterator.forEachRemaining(Iterator.java:116)
	at java.util.Spliterators$IteratorSpliterator.forEachRemaining(Spliterators.java:1801)
	at java.util.stream.AbstractPipeline.copyInto(AbstractPipeline.java:512)
	at java.util.stream.AbstractPipeline.wrapAndCopyInto(AbstractPipeline.java:502)
	at java.util.stream.ReduceOps$ReduceOp.evaluateSequential(ReduceOps.java:708)
	at java.util.stream.AbstractPipeline.evaluate(AbstractPipeline.java:234)
	at java.util.stream.ReferencePipeline.collect(ReferencePipeline.java:499)
	at io.vertx.codetrans.ModelBuilder.visitBlock(ModelBuilder.java:356)
	at io.vertx.codetrans.ModelBuilder.visitBlock(ModelBuilder.java:47)
	at com.sun.tools.javac.tree.JCTree$JCBlock.accept(JCTree.java:918)
	at com.sun.source.util.TreePathScanner.scan(TreePathScanner.java:68)
	at io.vertx.codetrans.ModelBuilder.scan(ModelBuilder.java:68)
	at io.vertx.codetrans.ModelBuilder.visitMethod(ModelBuilder.java:448)
	at io.vertx.codetrans.ModelBuilder.visitMethod(ModelBuilder.java:47)
	at com.sun.tools.javac.tree.JCTree$JCMethodDecl.accept(JCTree.java:800)
	at com.sun.source.util.TreePathScanner.scan(TreePathScanner.java:50)
	at io.vertx.codetrans.ModelBuilder.build(ModelBuilder.java:64)
	at io.vertx.codetrans.CodeTranslator.translate(CodeTranslator.java:42)
	at io.vertx.example.util.CodeTransProcessor.process(CodeTransProcessor.java:131)
	at com.sun.tools.javac.processing.JavacProcessingEnvironment.callProcessor(JavacProcessingEnvironment.java:794)
	at com.sun.tools.javac.processing.JavacProcessingEnvironment.discoverAndRunProcs(JavacProcessingEnvironment.java:705)
	at com.sun.tools.javac.processing.JavacProcessingEnvironment.access$1800(JavacProcessingEnvironment.java:91)
	at com.sun.tools.javac.processing.JavacProcessingEnvironment$Round.run(JavacProcessingEnvironment.java:1035)
	at com.sun.tools.javac.processing.JavacProcessingEnvironment.doProcessing(JavacProcessingEnvironment.java:1176)
	at com.sun.tools.javac.main.JavaCompiler.processAnnotations(JavaCompiler.java:1170)
	at com.sun.tools.javac.main.JavaCompiler.compile(JavaCompiler.java:856)
	at com.sun.tools.javac.main.Main.compile(Main.java:523)
	at com.sun.tools.javac.api.JavacTaskImpl.doCall(JavacTaskImpl.java:129)
	at com.sun.tools.javac.api.JavacTaskImpl.call(JavacTaskImpl.java:138)
	at org.codehaus.plexus.compiler.javac.JavaxToolsCompiler.compileInProcess(JavaxToolsCompiler.java:126)
	at org.codehaus.plexus.compiler.javac.JavacCompiler.performCompile(JavacCompiler.java:169)
	at org.apache.maven.plugin.compiler.AbstractCompilerMojo.execute(AbstractCompilerMojo.java:785)
	at org.apache.maven.plugin.compiler.CompilerMojo.execute(CompilerMojo.java:129)
	at org.apache.maven.plugin.DefaultBuildPluginManager.executeMojo(DefaultBuildPluginManager.java:132)
	at org.apache.maven.lifecycle.internal.MojoExecutor.execute(MojoExecutor.java:208)
	at org.apache.maven.lifecycle.internal.MojoExecutor.execute(MojoExecutor.java:153)
	at org.apache.maven.lifecycle.internal.MojoExecutor.execute(MojoExecutor.java:145)
	at org.apache.maven.lifecycle.internal.LifecycleModuleBuilder.buildProject(LifecycleModuleBuilder.java:116)
	at org.apache.maven.lifecycle.internal.LifecycleModuleBuilder.buildProject(LifecycleModuleBuilder.java:80)
	at org.apache.maven.lifecycle.internal.builder.singlethreaded.SingleThreadedBuilder.build(SingleThreadedBuilder.java:51)
	at org.apache.maven.lifecycle.internal.LifecycleStarter.execute(LifecycleStarter.java:120)
	at org.apache.maven.DefaultMaven.doExecute(DefaultMaven.java:355)
	at org.apache.maven.DefaultMaven.execute(DefaultMaven.java:155)
	at org.apache.maven.cli.MavenCli.execute(MavenCli.java:584)
	at org.apache.maven.cli.MavenCli.doMain(MavenCli.java:216)
	at org.apache.maven.cli.MavenCli.main(MavenCli.java:160)
	at sun.reflect.NativeMethodAccessorImpl.invoke0(Native Method)
	at sun.reflect.NativeMethodAccessorImpl.invoke(NativeMethodAccessorImpl.java:62)
	at sun.reflect.DelegatingMethodAccessorImpl.invoke(DelegatingMethodAccessorImpl.java:43)
	at java.lang.reflect.Method.invoke(Method.java:497)
	at org.codehaus.plexus.classworlds.launcher.Launcher.launchEnhanced(Launcher.java:289)
	at org.codehaus.plexus.classworlds.launcher.Launcher.launch(Launcher.java:229)
	at org.codehaus.plexus.classworlds.launcher.Launcher.mainWithExitCode(Launcher.java:415)
	at org.codehaus.plexus.classworlds.launcher.Launcher.main(Launcher.java:356)
Skipping generation of io.vertx.example.core.verticle.deploy.OtherVerticle
java.lang.UnsupportedOperationException: Invoking a method of the same class is not supported
	at io.vertx.codetrans.ModelBuilder.visitMethodInvocation(ModelBuilder.java:340)
	at io.vertx.codetrans.ModelBuilder.visitMethodInvocation(ModelBuilder.java:47)
	at com.sun.tools.javac.tree.JCTree$JCMethodInvocation.accept(JCTree.java:1477)
	at com.sun.source.util.TreePathScanner.scan(TreePathScanner.java:68)
	at io.vertx.codetrans.ModelBuilder.scan(ModelBuilder.java:72)
	at io.vertx.codetrans.ModelBuilder.visitBinary(ModelBuilder.java:173)
	at io.vertx.codetrans.ModelBuilder.visitBinary(ModelBuilder.java:47)
	at com.sun.tools.javac.tree.JCTree$JCBinary.accept(JCTree.java:1795)
	at com.sun.source.util.TreePathScanner.scan(TreePathScanner.java:68)
	at io.vertx.codetrans.ModelBuilder.scan(ModelBuilder.java:72)
	at io.vertx.codetrans.ModelBuilder.lambda$visitMethodInvocation$66(ModelBuilder.java:346)
	at io.vertx.codetrans.ModelBuilder$$Lambda$11/1550991149.apply(Unknown Source)
	at java.util.stream.ReferencePipeline$3$1.accept(ReferencePipeline.java:193)
	at java.util.Iterator.forEachRemaining(Iterator.java:116)
	at java.util.Spliterators$IteratorSpliterator.forEachRemaining(Spliterators.java:1801)
	at java.util.stream.AbstractPipeline.copyInto(AbstractPipeline.java:512)
	at java.util.stream.AbstractPipeline.wrapAndCopyInto(AbstractPipeline.java:502)
	at java.util.stream.ReduceOps$ReduceOp.evaluateSequential(ReduceOps.java:708)
	at java.util.stream.AbstractPipeline.evaluate(AbstractPipeline.java:234)
	at java.util.stream.ReferencePipeline.collect(ReferencePipeline.java:499)
	at io.vertx.codetrans.ModelBuilder.visitMethodInvocation(ModelBuilder.java:346)
	at io.vertx.codetrans.ModelBuilder.visitMethodInvocation(ModelBuilder.java:47)
	at com.sun.tools.javac.tree.JCTree$JCMethodInvocation.accept(JCTree.java:1477)
	at com.sun.source.util.TreePathScanner.scan(TreePathScanner.java:68)
	at io.vertx.codetrans.ModelBuilder.scan(ModelBuilder.java:72)
	at io.vertx.codetrans.ModelBuilder.visitExpressionStatement(ModelBuilder.java:166)
	at io.vertx.codetrans.ModelBuilder.visitExpressionStatement(ModelBuilder.java:47)
	at com.sun.tools.javac.tree.JCTree$JCExpressionStatement.accept(JCTree.java:1302)
	at com.sun.source.util.TreePathScanner.scan(TreePathScanner.java:68)
	at io.vertx.codetrans.ModelBuilder.scan(ModelBuilder.java:68)
	at io.vertx.codetrans.ModelBuilder.lambda$visitBlock$67(ModelBuilder.java:356)
	at io.vertx.codetrans.ModelBuilder$$Lambda$1/1287401019.apply(Unknown Source)
	at java.util.stream.ReferencePipeline$3$1.accept(ReferencePipeline.java:193)
	at java.util.Iterator.forEachRemaining(Iterator.java:116)
	at java.util.Spliterators$IteratorSpliterator.forEachRemaining(Spliterators.java:1801)
	at java.util.stream.AbstractPipeline.copyInto(AbstractPipeline.java:512)
	at java.util.stream.AbstractPipeline.wrapAndCopyInto(AbstractPipeline.java:502)
	at java.util.stream.ReduceOps$ReduceOp.evaluateSequential(ReduceOps.java:708)
	at java.util.stream.AbstractPipeline.evaluate(AbstractPipeline.java:234)
	at java.util.stream.ReferencePipeline.collect(ReferencePipeline.java:499)
	at io.vertx.codetrans.ModelBuilder.visitBlock(ModelBuilder.java:356)
	at io.vertx.codetrans.ModelBuilder.visitBlock(ModelBuilder.java:47)
	at com.sun.tools.javac.tree.JCTree$JCBlock.accept(JCTree.java:918)
	at com.sun.source.util.TreePathScanner.scan(TreePathScanner.java:68)
	at io.vertx.codetrans.ModelBuilder.scan(ModelBuilder.java:68)
	at io.vertx.codetrans.ModelBuilder.visitMethod(ModelBuilder.java:448)
	at io.vertx.codetrans.ModelBuilder.visitMethod(ModelBuilder.java:47)
	at com.sun.tools.javac.tree.JCTree$JCMethodDecl.accept(JCTree.java:800)
	at com.sun.source.util.TreePathScanner.scan(TreePathScanner.java:50)
	at io.vertx.codetrans.ModelBuilder.build(ModelBuilder.java:64)
	at io.vertx.codetrans.CodeTranslator.translate(CodeTranslator.java:42)
	at io.vertx.example.util.CodeTransProcessor.process(CodeTransProcessor.java:131)
	at com.sun.tools.javac.processing.JavacProcessingEnvironment.callProcessor(JavacProcessingEnvironment.java:794)
	at com.sun.tools.javac.processing.JavacProcessingEnvironment.discoverAndRunProcs(JavacProcessingEnvironment.java:705)
	at com.sun.tools.javac.processing.JavacProcessingEnvironment.access$1800(JavacProcessingEnvironment.java:91)
	at com.sun.tools.javac.processing.JavacProcessingEnvironment$Round.run(JavacProcessingEnvironment.java:1035)
	at com.sun.tools.javac.processing.JavacProcessingEnvironment.doProcessing(JavacProcessingEnvironment.java:1176)
	at com.sun.tools.javac.main.JavaCompiler.processAnnotations(JavaCompiler.java:1170)
	at com.sun.tools.javac.main.JavaCompiler.compile(JavaCompiler.java:856)
	at com.sun.tools.javac.main.Main.compile(Main.java:523)
	at com.sun.tools.javac.api.JavacTaskImpl.doCall(JavacTaskImpl.java:129)
	at com.sun.tools.javac.api.JavacTaskImpl.call(JavacTaskImpl.java:138)
	at org.codehaus.plexus.compiler.javac.JavaxToolsCompiler.compileInProcess(JavaxToolsCompiler.java:126)
	at org.codehaus.plexus.compiler.javac.JavacCompiler.performCompile(JavacCompiler.java:169)
	at org.apache.maven.plugin.compiler.AbstractCompilerMojo.execute(AbstractCompilerMojo.java:785)
	at org.apache.maven.plugin.compiler.CompilerMojo.execute(CompilerMojo.java:129)
	at org.apache.maven.plugin.DefaultBuildPluginManager.executeMojo(DefaultBuildPluginManager.java:132)
	at org.apache.maven.lifecycle.internal.MojoExecutor.execute(MojoExecutor.java:208)
	at org.apache.maven.lifecycle.internal.MojoExecutor.execute(MojoExecutor.java:153)
	at org.apache.maven.lifecycle.internal.MojoExecutor.execute(MojoExecutor.java:145)
	at org.apache.maven.lifecycle.internal.LifecycleModuleBuilder.buildProject(LifecycleModuleBuilder.java:116)
	at org.apache.maven.lifecycle.internal.LifecycleModuleBuilder.buildProject(LifecycleModuleBuilder.java:80)
	at org.apache.maven.lifecycle.internal.builder.singlethreaded.SingleThreadedBuilder.build(SingleThreadedBuilder.java:51)
	at org.apache.maven.lifecycle.internal.LifecycleStarter.execute(LifecycleStarter.java:120)
	at org.apache.maven.DefaultMaven.doExecute(DefaultMaven.java:355)
	at org.apache.maven.DefaultMaven.execute(DefaultMaven.java:155)
	at org.apache.maven.cli.MavenCli.execute(MavenCli.java:584)
	at org.apache.maven.cli.MavenCli.doMain(MavenCli.java:216)
	at org.apache.maven.cli.MavenCli.main(MavenCli.java:160)
	at sun.reflect.NativeMethodAccessorImpl.invoke0(Native Method)
	at sun.reflect.NativeMethodAccessorImpl.invoke(NativeMethodAccessorImpl.java:62)
	at sun.reflect.DelegatingMethodAccessorImpl.invoke(DelegatingMethodAccessorImpl.java:43)
	at java.lang.reflect.Method.invoke(Method.java:497)
	at org.codehaus.plexus.classworlds.launcher.Launcher.launchEnhanced(Launcher.java:289)
	at org.codehaus.plexus.classworlds.launcher.Launcher.launch(Launcher.java:229)
	at org.codehaus.plexus.classworlds.launcher.Launcher.mainWithExitCode(Launcher.java:415)
	at org.codehaus.plexus.classworlds.launcher.Launcher.main(Launcher.java:356)
Generated /Users/julien/java/vertx-examples/core-examples/src/main/js/io/vertx/example/core/http/https/server.js
Generated /Users/julien/java/vertx-examples/core-examples/src/main/groovy/io/vertx/example/core/http/https/server.groovy
Generated /Users/julien/java/vertx-examples/core-examples/src/main/js/io/vertx/example/core/net/echo/client.js
Generated /Users/julien/java/vertx-examples/core-examples/src/main/groovy/io/vertx/example/core/net/echo/client.groovy
Generated /Users/julien/java/vertx-examples/core-examples/src/main/js/io/vertx/example/core/eventbus/pointtopoint/receiver.js
Generated /Users/julien/java/vertx-examples/core-examples/src/main/groovy/io/vertx/example/core/eventbus/pointtopoint/receiver.groovy
Generated /Users/julien/java/vertx-examples/core-examples/src/main/js/io/vertx/example/core/http/websockets/server.js
Copying resource /Users/julien/java/vertx-examples/core-examples/src/main/java/io/vertx/example/core/http/websockets/ws.html to /Users/julien/java/vertx-examples/core-examples/src/main/js/io/vertx/example/core/http/websockets
Generated /Users/julien/java/vertx-examples/core-examples/src/main/groovy/io/vertx/example/core/http/websockets/server.groovy
Copying resource /Users/julien/java/vertx-examples/core-examples/src/main/java/io/vertx/example/core/http/websockets/ws.html to /Users/julien/java/vertx-examples/core-examples/src/main/groovy/io/vertx/example/core/http/websockets
Generated /Users/julien/java/vertx-examples/core-examples/src/main/js/io/vertx/example/core/net/echo/server.js
Generated /Users/julien/java/vertx-examples/core-examples/src/main/groovy/io/vertx/example/core/net/echo/server.groovy
Generated /Users/julien/java/vertx-examples/core-examples/src/main/js/io/vertx/example/core/http/websockets/client.js
Generated /Users/julien/java/vertx-examples/core-examples/src/main/groovy/io/vertx/example/core/http/websockets/client.groovy
Generated /Users/julien/java/vertx-examples/core-examples/src/main/js/io/vertx/example/core/http/proxy/client.js
Generated /Users/julien/java/vertx-examples/core-examples/src/main/groovy/io/vertx/example/core/http/proxy/client.groovy
Generated /Users/julien/java/vertx-examples/core-examples/src/main/js/io/vertx/example/core/eventbus/pubsub/sender.js
Generated /Users/julien/java/vertx-examples/core-examples/src/main/groovy/io/vertx/example/core/eventbus/pubsub/sender.groovy
Generated /Users/julien/java/vertx-examples/core-examples/src/main/js/io/vertx/example/core/http/upload/client.js
Copying resource /Users/julien/java/vertx-examples/core-examples/src/main/java/io/vertx/example/core/http/upload/upload.txt to /Users/julien/java/vertx-examples/core-examples/src/main/js/io/vertx/example/core/http/upload
Generated /Users/julien/java/vertx-examples/core-examples/src/main/groovy/io/vertx/example/core/http/upload/client.groovy
Copying resource /Users/julien/java/vertx-examples/core-examples/src/main/java/io/vertx/example/core/http/upload/upload.txt to /Users/julien/java/vertx-examples/core-examples/src/main/groovy/io/vertx/example/core/http/upload
Generated /Users/julien/java/vertx-examples/core-examples/src/main/js/io/vertx/example/core/net/echossl/server.js
Generated /Users/julien/java/vertx-examples/core-examples/src/main/groovy/io/vertx/example/core/net/echossl/server.groovy
Generated /Users/julien/java/vertx-examples/core-examples/src/main/js/io/vertx/example/core/http/upload/server.js
Generated /Users/julien/java/vertx-examples/core-examples/src/main/groovy/io/vertx/example/core/http/upload/server.groovy
Generated /Users/julien/java/vertx-examples/core-examples/src/main/js/io/vertx/example/core/http/proxy/server.js
Generated /Users/julien/java/vertx-examples/core-examples/src/main/groovy/io/vertx/example/core/http/proxy/server.groovy
Generated /Users/julien/java/vertx-examples/core-examples/src/main/js/io/vertx/example/core/http/sendfile/sendfile.js
Copying resource /Users/julien/java/vertx-examples/core-examples/src/main/java/io/vertx/example/core/http/sendfile/index.html to /Users/julien/java/vertx-examples/core-examples/src/main/js/io/vertx/example/core/http/sendfile
Copying resource /Users/julien/java/vertx-examples/core-examples/src/main/java/io/vertx/example/core/http/sendfile/page1.html to /Users/julien/java/vertx-examples/core-examples/src/main/js/io/vertx/example/core/http/sendfile
Copying resource /Users/julien/java/vertx-examples/core-examples/src/main/java/io/vertx/example/core/http/sendfile/page2.html to /Users/julien/java/vertx-examples/core-examples/src/main/js/io/vertx/example/core/http/sendfile
Generated /Users/julien/java/vertx-examples/core-examples/src/main/groovy/io/vertx/example/core/http/sendfile/sendfile.groovy
Copying resource /Users/julien/java/vertx-examples/core-examples/src/main/java/io/vertx/example/core/http/sendfile/index.html to /Users/julien/java/vertx-examples/core-examples/src/main/groovy/io/vertx/example/core/http/sendfile
Copying resource /Users/julien/java/vertx-examples/core-examples/src/main/java/io/vertx/example/core/http/sendfile/page1.html to /Users/julien/java/vertx-examples/core-examples/src/main/groovy/io/vertx/example/core/http/sendfile
Copying resource /Users/julien/java/vertx-examples/core-examples/src/main/java/io/vertx/example/core/http/sendfile/page2.html to /Users/julien/java/vertx-examples/core-examples/src/main/groovy/io/vertx/example/core/http/sendfile
Generated /Users/julien/java/vertx-examples/core-examples/src/main/js/io/vertx/example/core/http/proxy/proxy.js
Generated /Users/julien/java/vertx-examples/core-examples/src/main/groovy/io/vertx/example/core/http/proxy/proxy.groovy
Generated /Users/julien/java/vertx-examples/core-examples/src/main/js/io/vertx/example/core/http/simple/server.js
Generated /Users/julien/java/vertx-examples/core-examples/src/main/groovy/io/vertx/example/core/http/simple/server.groovy
Generated /Users/julien/java/vertx-examples/core-examples/src/main/js/io/vertx/example/core/http/https/client.js
Generated /Users/julien/java/vertx-examples/core-examples/src/main/groovy/io/vertx/example/core/http/https/client.groovy
Skipping generation of io.vertx.example.core.execblocking.ExecBlockingExample
java.lang.NullPointerException
	at io.vertx.codetrans.JavaScriptLang.renderStatement(JavaScriptLang.java:78)
	at io.vertx.codetrans.ModelBuilder$1.render(ModelBuilder.java:411)
	at io.vertx.codetrans.Lang.renderBlock(Lang.java:62)
	at io.vertx.codetrans.JavaScriptLang.renderBlock(JavaScriptLang.java:85)
	at io.vertx.codetrans.ModelBuilder.lambda$visitBlock$68(ModelBuilder.java:405)
	at io.vertx.codetrans.ModelBuilder$$Lambda$24/534553956.accept(Unknown Source)
	at io.vertx.codetrans.StatementModel$1.render(StatementModel.java:20)
	at io.vertx.codetrans.JavaScriptLang.renderLambda(JavaScriptLang.java:214)
	at io.vertx.codetrans.LambdaExpressionModel.render(LambdaExpressionModel.java:43)
	at io.vertx.codetrans.Lang.renderMethodInvocation(Lang.java:81)
	at io.vertx.codetrans.ExpressionModel.lambda$onMethodInvocation$4(ExpressionModel.java:36)
	at io.vertx.codetrans.ExpressionModel$$Lambda$12/913148823.accept(Unknown Source)
	at io.vertx.codetrans.ExpressionModel$5.render(ExpressionModel.java:166)
	at io.vertx.codetrans.ModelBuilder$$Lambda$23/111888987.accept(Unknown Source)
	at io.vertx.codetrans.StatementModel$1.render(StatementModel.java:20)
	at io.vertx.codetrans.JavaScriptLang.renderStatement(JavaScriptLang.java:78)
	at io.vertx.codetrans.ModelBuilder$1.render(ModelBuilder.java:411)
	at io.vertx.codetrans.Lang.renderBlock(Lang.java:62)
	at io.vertx.codetrans.JavaScriptLang.renderBlock(JavaScriptLang.java:85)
	at io.vertx.codetrans.ModelBuilder.lambda$visitBlock$68(ModelBuilder.java:405)
	at io.vertx.codetrans.ModelBuilder$$Lambda$24/534553956.accept(Unknown Source)
	at io.vertx.codetrans.StatementModel$1.render(StatementModel.java:20)
	at io.vertx.codetrans.JavaScriptLang.renderLambda(JavaScriptLang.java:214)
	at io.vertx.codetrans.LambdaExpressionModel.render(LambdaExpressionModel.java:43)
	at io.vertx.codetrans.Lang.renderMethodInvocation(Lang.java:81)
	at io.vertx.codetrans.ExpressionModel.lambda$onMethodInvocation$4(ExpressionModel.java:36)
	at io.vertx.codetrans.ExpressionModel$$Lambda$12/913148823.accept(Unknown Source)
	at io.vertx.codetrans.ExpressionModel$5.render(ExpressionModel.java:166)
	at io.vertx.codetrans.Lang.renderMethodInvocation(Lang.java:73)
	at io.vertx.codetrans.ExpressionModel.lambda$onMethodInvocation$4(ExpressionModel.java:36)
	at io.vertx.codetrans.ExpressionModel$$Lambda$12/913148823.accept(Unknown Source)
	at io.vertx.codetrans.ExpressionModel$5.render(ExpressionModel.java:166)
	at io.vertx.codetrans.ModelBuilder$$Lambda$23/111888987.accept(Unknown Source)
	at io.vertx.codetrans.StatementModel$1.render(StatementModel.java:20)
	at io.vertx.codetrans.JavaScriptLang.renderStatement(JavaScriptLang.java:78)
	at io.vertx.codetrans.ModelBuilder$1.render(ModelBuilder.java:411)
	at io.vertx.codetrans.Lang.renderBlock(Lang.java:62)
	at io.vertx.codetrans.JavaScriptLang.renderBlock(JavaScriptLang.java:88)
	at io.vertx.codetrans.ModelBuilder.lambda$visitBlock$68(ModelBuilder.java:405)
	at io.vertx.codetrans.ModelBuilder$$Lambda$24/534553956.accept(Unknown Source)
	at io.vertx.codetrans.StatementModel$1.render(StatementModel.java:20)
	at io.vertx.codetrans.CodeTranslator.translate(CodeTranslator.java:44)
	at io.vertx.example.util.CodeTransProcessor.process(CodeTransProcessor.java:131)
	at com.sun.tools.javac.processing.JavacProcessingEnvironment.callProcessor(JavacProcessingEnvironment.java:794)
	at com.sun.tools.javac.processing.JavacProcessingEnvironment.discoverAndRunProcs(JavacProcessingEnvironment.java:705)
	at com.sun.tools.javac.processing.JavacProcessingEnvironment.access$1800(JavacProcessingEnvironment.java:91)
	at com.sun.tools.javac.processing.JavacProcessingEnvironment$Round.run(JavacProcessingEnvironment.java:1035)
	at com.sun.tools.javac.processing.JavacProcessingEnvironment.doProcessing(JavacProcessingEnvironment.java:1176)
	at com.sun.tools.javac.main.JavaCompiler.processAnnotations(JavaCompiler.java:1170)
	at com.sun.tools.javac.main.JavaCompiler.compile(JavaCompiler.java:856)
	at com.sun.tools.javac.main.Main.compile(Main.java:523)
	at com.sun.tools.javac.api.JavacTaskImpl.doCall(JavacTaskImpl.java:129)
	at com.sun.tools.javac.api.JavacTaskImpl.call(JavacTaskImpl.java:138)
	at org.codehaus.plexus.compiler.javac.JavaxToolsCompiler.compileInProcess(JavaxToolsCompiler.java:126)
	at org.codehaus.plexus.compiler.javac.JavacCompiler.performCompile(JavacCompiler.java:169)
	at org.apache.maven.plugin.compiler.AbstractCompilerMojo.execute(AbstractCompilerMojo.java:785)
	at org.apache.maven.plugin.compiler.CompilerMojo.execute(CompilerMojo.java:129)
	at org.apache.maven.plugin.DefaultBuildPluginManager.executeMojo(DefaultBuildPluginManager.java:132)
	at org.apache.maven.lifecycle.internal.MojoExecutor.execute(MojoExecutor.java:208)
	at org.apache.maven.lifecycle.internal.MojoExecutor.execute(MojoExecutor.java:153)
	at org.apache.maven.lifecycle.internal.MojoExecutor.execute(MojoExecutor.java:145)
	at org.apache.maven.lifecycle.internal.LifecycleModuleBuilder.buildProject(LifecycleModuleBuilder.java:116)
	at org.apache.maven.lifecycle.internal.LifecycleModuleBuilder.buildProject(LifecycleModuleBuilder.java:80)
	at org.apache.maven.lifecycle.internal.builder.singlethreaded.SingleThreadedBuilder.build(SingleThreadedBuilder.java:51)
	at org.apache.maven.lifecycle.internal.LifecycleStarter.execute(LifecycleStarter.java:120)
	at org.apache.maven.DefaultMaven.doExecute(DefaultMaven.java:355)
	at org.apache.maven.DefaultMaven.execute(DefaultMaven.java:155)
	at org.apache.maven.cli.MavenCli.execute(MavenCli.java:584)
	at org.apache.maven.cli.MavenCli.doMain(MavenCli.java:216)
	at org.apache.maven.cli.MavenCli.main(MavenCli.java:160)
	at sun.reflect.NativeMethodAccessorImpl.invoke0(Native Method)
	at sun.reflect.NativeMethodAccessorImpl.invoke(NativeMethodAccessorImpl.java:62)
	at sun.reflect.DelegatingMethodAccessorImpl.invoke(DelegatingMethodAccessorImpl.java:43)
	at java.lang.reflect.Method.invoke(Method.java:497)
	at org.codehaus.plexus.classworlds.launcher.Launcher.launchEnhanced(Launcher.java:289)
	at org.codehaus.plexus.classworlds.launcher.Launcher.launch(Launcher.java:229)
	at org.codehaus.plexus.classworlds.launcher.Launcher.mainWithExitCode(Launcher.java:415)
	at org.codehaus.plexus.classworlds.launcher.Launcher.main(Launcher.java:356)
Skipping generation of io.vertx.example.core.execblocking.ExecBlockingExample
java.lang.NullPointerException
	at io.vertx.codetrans.GroovyLang.renderStatement(GroovyLang.java:48)
	at io.vertx.codetrans.ModelBuilder$1.render(ModelBuilder.java:411)
	at io.vertx.codetrans.Lang.renderBlock(Lang.java:62)
	at io.vertx.codetrans.GroovyLang.renderBlock(GroovyLang.java:55)
	at io.vertx.codetrans.ModelBuilder.lambda$visitBlock$68(ModelBuilder.java:405)
	at io.vertx.codetrans.ModelBuilder$$Lambda$24/534553956.accept(Unknown Source)
	at io.vertx.codetrans.StatementModel$1.render(StatementModel.java:20)
	at io.vertx.codetrans.GroovyLang.renderLambda(GroovyLang.java:166)
	at io.vertx.codetrans.LambdaExpressionModel.render(LambdaExpressionModel.java:43)
	at io.vertx.codetrans.Lang.renderMethodInvocation(Lang.java:81)
	at io.vertx.codetrans.ExpressionModel.lambda$onMethodInvocation$4(ExpressionModel.java:36)
	at io.vertx.codetrans.ExpressionModel$$Lambda$12/913148823.accept(Unknown Source)
	at io.vertx.codetrans.ExpressionModel$5.render(ExpressionModel.java:166)
	at io.vertx.codetrans.ModelBuilder$$Lambda$23/111888987.accept(Unknown Source)
	at io.vertx.codetrans.StatementModel$1.render(StatementModel.java:20)
	at io.vertx.codetrans.GroovyLang.renderStatement(GroovyLang.java:48)
	at io.vertx.codetrans.ModelBuilder$1.render(ModelBuilder.java:411)
	at io.vertx.codetrans.Lang.renderBlock(Lang.java:62)
	at io.vertx.codetrans.GroovyLang.renderBlock(GroovyLang.java:55)
	at io.vertx.codetrans.ModelBuilder.lambda$visitBlock$68(ModelBuilder.java:405)
	at io.vertx.codetrans.ModelBuilder$$Lambda$24/534553956.accept(Unknown Source)
	at io.vertx.codetrans.StatementModel$1.render(StatementModel.java:20)
	at io.vertx.codetrans.GroovyLang.renderLambda(GroovyLang.java:166)
	at io.vertx.codetrans.LambdaExpressionModel.render(LambdaExpressionModel.java:43)
	at io.vertx.codetrans.Lang.renderMethodInvocation(Lang.java:81)
	at io.vertx.codetrans.ExpressionModel.lambda$onMethodInvocation$4(ExpressionModel.java:36)
	at io.vertx.codetrans.ExpressionModel$$Lambda$12/913148823.accept(Unknown Source)
	at io.vertx.codetrans.ExpressionModel$5.render(ExpressionModel.java:166)
	at io.vertx.codetrans.Lang.renderMethodInvocation(Lang.java:73)
	at io.vertx.codetrans.ExpressionModel.lambda$onMethodInvocation$4(ExpressionModel.java:36)
	at io.vertx.codetrans.ExpressionModel$$Lambda$12/913148823.accept(Unknown Source)
	at io.vertx.codetrans.ExpressionModel$5.render(ExpressionModel.java:166)
	at io.vertx.codetrans.ModelBuilder$$Lambda$23/111888987.accept(Unknown Source)
	at io.vertx.codetrans.StatementModel$1.render(StatementModel.java:20)
	at io.vertx.codetrans.GroovyLang.renderStatement(GroovyLang.java:48)
	at io.vertx.codetrans.ModelBuilder$1.render(ModelBuilder.java:411)
	at io.vertx.codetrans.Lang.renderBlock(Lang.java:62)
	at io.vertx.codetrans.GroovyLang.renderBlock(GroovyLang.java:58)
	at io.vertx.codetrans.ModelBuilder.lambda$visitBlock$68(ModelBuilder.java:405)
	at io.vertx.codetrans.ModelBuilder$$Lambda$24/534553956.accept(Unknown Source)
	at io.vertx.codetrans.StatementModel$1.render(StatementModel.java:20)
	at io.vertx.codetrans.CodeTranslator.translate(CodeTranslator.java:44)
	at io.vertx.example.util.CodeTransProcessor.process(CodeTransProcessor.java:131)
	at com.sun.tools.javac.processing.JavacProcessingEnvironment.callProcessor(JavacProcessingEnvironment.java:794)
	at com.sun.tools.javac.processing.JavacProcessingEnvironment.discoverAndRunProcs(JavacProcessingEnvironment.java:705)
	at com.sun.tools.javac.processing.JavacProcessingEnvironment.access$1800(JavacProcessingEnvironment.java:91)
	at com.sun.tools.javac.processing.JavacProcessingEnvironment$Round.run(JavacProcessingEnvironment.java:1035)
	at com.sun.tools.javac.processing.JavacProcessingEnvironment.doProcessing(JavacProcessingEnvironment.java:1176)
	at com.sun.tools.javac.main.JavaCompiler.processAnnotations(JavaCompiler.java:1170)
	at com.sun.tools.javac.main.JavaCompiler.compile(JavaCompiler.java:856)
	at com.sun.tools.javac.main.Main.compile(Main.java:523)
	at com.sun.tools.javac.api.JavacTaskImpl.doCall(JavacTaskImpl.java:129)
	at com.sun.tools.javac.api.JavacTaskImpl.call(JavacTaskImpl.java:138)
	at org.codehaus.plexus.compiler.javac.JavaxToolsCompiler.compileInProcess(JavaxToolsCompiler.java:126)
	at org.codehaus.plexus.compiler.javac.JavacCompiler.performCompile(JavacCompiler.java:169)
	at org.apache.maven.plugin.compiler.AbstractCompilerMojo.execute(AbstractCompilerMojo.java:785)
	at org.apache.maven.plugin.compiler.CompilerMojo.execute(CompilerMojo.java:129)
	at org.apache.maven.plugin.DefaultBuildPluginManager.executeMojo(DefaultBuildPluginManager.java:132)
	at org.apache.maven.lifecycle.internal.MojoExecutor.execute(MojoExecutor.java:208)
	at org.apache.maven.lifecycle.internal.MojoExecutor.execute(MojoExecutor.java:153)
	at org.apache.maven.lifecycle.internal.MojoExecutor.execute(MojoExecutor.java:145)
	at org.apache.maven.lifecycle.internal.LifecycleModuleBuilder.buildProject(LifecycleModuleBuilder.java:116)
	at org.apache.maven.lifecycle.internal.LifecycleModuleBuilder.buildProject(LifecycleModuleBuilder.java:80)
	at org.apache.maven.lifecycle.internal.builder.singlethreaded.SingleThreadedBuilder.build(SingleThreadedBuilder.java:51)
	at org.apache.maven.lifecycle.internal.LifecycleStarter.execute(LifecycleStarter.java:120)
	at org.apache.maven.DefaultMaven.doExecute(DefaultMaven.java:355)
	at org.apache.maven.DefaultMaven.execute(DefaultMaven.java:155)
	at org.apache.maven.cli.MavenCli.execute(MavenCli.java:584)
	at org.apache.maven.cli.MavenCli.doMain(MavenCli.java:216)
	at org.apache.maven.cli.MavenCli.main(MavenCli.java:160)
	at sun.reflect.NativeMethodAccessorImpl.invoke0(Native Method)
	at sun.reflect.NativeMethodAccessorImpl.invoke(NativeMethodAccessorImpl.java:62)
	at sun.reflect.DelegatingMethodAccessorImpl.invoke(DelegatingMethodAccessorImpl.java:43)
	at java.lang.reflect.Method.invoke(Method.java:497)
	at org.codehaus.plexus.classworlds.launcher.Launcher.launchEnhanced(Launcher.java:289)
	at org.codehaus.plexus.classworlds.launcher.Launcher.launch(Launcher.java:229)
	at org.codehaus.plexus.classworlds.launcher.Launcher.mainWithExitCode(Launcher.java:415)
	at org.codehaus.plexus.classworlds.launcher.Launcher.main(Launcher.java:356)
Generated /Users/julien/java/vertx-examples/core-examples/src/main/js/io/vertx/example/core/eventbus/pubsub/receiver.js
Generated /Users/julien/java/vertx-examples/core-examples/src/main/groovy/io/vertx/example/core/eventbus/pubsub/receiver.groovy
Generated /Users/julien/java/vertx-examples/core-examples/src/main/js/io/vertx/example/core/net/echossl/client.js
Generated /Users/julien/java/vertx-examples/core-examples/src/main/groovy/io/vertx/example/core/net/echossl/client.groovy
