Generated /Users/julien/java/vertx-examples/apex-examples/src/main/js/io/vertx/example/apex/auth/server.js
Creating dir /Users/julien/java/vertx-examples/apex-examples/src/main/js/io/vertx/example/apex/auth/private
Copying resource /Users/julien/java/vertx-examples/apex-examples/src/main/java/io/vertx/example/apex/auth/private/private_page.html to /Users/julien/java/vertx-examples/apex-examples/src/main/js/io/vertx/example/apex/auth
Creating dir /Users/julien/java/vertx-examples/apex-examples/src/main/js/io/vertx/example/apex/auth/webroot
Copying resource /Users/julien/java/vertx-examples/apex-examples/src/main/java/io/vertx/example/apex/auth/webroot/index.html to /Users/julien/java/vertx-examples/apex-examples/src/main/js/io/vertx/example/apex/auth
Copying resource /Users/julien/java/vertx-examples/apex-examples/src/main/java/io/vertx/example/apex/auth/webroot/loginpage.html to /Users/julien/java/vertx-examples/apex-examples/src/main/js/io/vertx/example/apex/auth
Copying resource /Users/julien/java/vertx-examples/apex-examples/src/main/java/io/vertx/example/apex/auth/webroot/page1.html to /Users/julien/java/vertx-examples/apex-examples/src/main/js/io/vertx/example/apex/auth
Generated /Users/julien/java/vertx-examples/apex-examples/src/main/groovy/io/vertx/example/apex/auth/server.groovy
Creating dir /Users/julien/java/vertx-examples/apex-examples/src/main/groovy/io/vertx/example/apex/auth/private
Copying resource /Users/julien/java/vertx-examples/apex-examples/src/main/java/io/vertx/example/apex/auth/private/private_page.html to /Users/julien/java/vertx-examples/apex-examples/src/main/groovy/io/vertx/example/apex/auth
Creating dir /Users/julien/java/vertx-examples/apex-examples/src/main/groovy/io/vertx/example/apex/auth/webroot
Copying resource /Users/julien/java/vertx-examples/apex-examples/src/main/java/io/vertx/example/apex/auth/webroot/index.html to /Users/julien/java/vertx-examples/apex-examples/src/main/groovy/io/vertx/example/apex/auth
Copying resource /Users/julien/java/vertx-examples/apex-examples/src/main/java/io/vertx/example/apex/auth/webroot/loginpage.html to /Users/julien/java/vertx-examples/apex-examples/src/main/groovy/io/vertx/example/apex/auth
Copying resource /Users/julien/java/vertx-examples/apex-examples/src/main/java/io/vertx/example/apex/auth/webroot/page1.html to /Users/julien/java/vertx-examples/apex-examples/src/main/groovy/io/vertx/example/apex/auth
Generated /Users/julien/java/vertx-examples/apex-examples/src/main/js/io/vertx/example/apex/sessions/server.js
Generated /Users/julien/java/vertx-examples/apex-examples/src/main/groovy/io/vertx/example/apex/sessions/server.groovy
Generated /Users/julien/java/vertx-examples/apex-examples/src/main/js/io/vertx/example/apex/realtime/server.js
Creating dir /Users/julien/java/vertx-examples/apex-examples/src/main/js/io/vertx/example/apex/realtime/webroot
Copying resource /Users/julien/java/vertx-examples/apex-examples/src/main/java/io/vertx/example/apex/realtime/webroot/index.html to /Users/julien/java/vertx-examples/apex-examples/src/main/js/io/vertx/example/apex/realtime
Copying resource /Users/julien/java/vertx-examples/apex-examples/src/main/java/io/vertx/example/apex/realtime/webroot/vertxbus.js to /Users/julien/java/vertx-examples/apex-examples/src/main/js/io/vertx/example/apex/realtime
Generated /Users/julien/java/vertx-examples/apex-examples/src/main/groovy/io/vertx/example/apex/realtime/server.groovy
Creating dir /Users/julien/java/vertx-examples/apex-examples/src/main/groovy/io/vertx/example/apex/realtime/webroot
Copying resource /Users/julien/java/vertx-examples/apex-examples/src/main/java/io/vertx/example/apex/realtime/webroot/index.html to /Users/julien/java/vertx-examples/apex-examples/src/main/groovy/io/vertx/example/apex/realtime
Copying resource /Users/julien/java/vertx-examples/apex-examples/src/main/java/io/vertx/example/apex/realtime/webroot/vertxbus.js to /Users/julien/java/vertx-examples/apex-examples/src/main/groovy/io/vertx/example/apex/realtime
Generated /Users/julien/java/vertx-examples/apex-examples/src/main/js/io/vertx/example/apex/helloworld/server.js
Generated /Users/julien/java/vertx-examples/apex-examples/src/main/groovy/io/vertx/example/apex/helloworld/server.groovy
Skipping generation of io.vertx.example.apex.rest.SimpleREST
java.lang.UnsupportedOperationException: Invoking a method of the same class is not supported
	at io.vertx.codetrans.ModelBuilder.visitMethodInvocation(ModelBuilder.java:340)
	at io.vertx.codetrans.ModelBuilder.visitMethodInvocation(ModelBuilder.java:47)
	at com.sun.tools.javac.tree.JCTree$JCMethodInvocation.accept(JCTree.java:1477)
	at com.sun.source.util.TreePathScanner.scan(TreePathScanner.java:68)
	at io.vertx.codetrans.ModelBuilder.scan(ModelBuilder.java:72)
	at io.vertx.codetrans.ModelBuilder.visitExpressionStatement(ModelBuilder.java:166)
	at io.vertx.codetrans.ModelBuilder.visitExpressionStatement(ModelBuilder.java:47)
	at com.sun.tools.javac.tree.JCTree$JCExpressionStatement.accept(JCTree.java:1302)
	at com.sun.source.util.TreePathScanner.scan(TreePathScanner.java:68)
	at io.vertx.codetrans.ModelBuilder.scan(ModelBuilder.java:68)
	at io.vertx.codetrans.ModelBuilder.lambda$visitBlock$67(ModelBuilder.java:356)
	at io.vertx.codetrans.ModelBuilder$$Lambda$72/1824531116.apply(Unknown Source)
	at java.util.stream.ReferencePipeline$3$1.accept(ReferencePipeline.java:193)
	at java.util.Iterator.forEachRemaining(Iterator.java:116)
	at java.util.Spliterators$IteratorSpliterator.forEachRemaining(Spliterators.java:1801)
	at java.util.stream.AbstractPipeline.copyInto(AbstractPipeline.java:512)
	at java.util.stream.AbstractPipeline.wrapAndCopyInto(AbstractPipeline.java:502)
	at java.util.stream.ReduceOps$ReduceOp.evaluateSequential(ReduceOps.java:708)
	at java.util.stream.AbstractPipeline.evaluate(AbstractPipeline.java:234)
	at java.util.stream.ReferencePipeline.collect(ReferencePipeline.java:499)
	at io.vertx.codetrans.ModelBuilder.visitBlock(ModelBuilder.java:356)
	at io.vertx.codetrans.ModelBuilder.visitBlock(ModelBuilder.java:47)
	at com.sun.tools.javac.tree.JCTree$JCBlock.accept(JCTree.java:918)
	at com.sun.source.util.TreePathScanner.scan(TreePathScanner.java:68)
	at io.vertx.codetrans.ModelBuilder.scan(ModelBuilder.java:68)
	at io.vertx.codetrans.ModelBuilder.visitMethod(ModelBuilder.java:448)
	at io.vertx.codetrans.ModelBuilder.visitMethod(ModelBuilder.java:47)
	at com.sun.tools.javac.tree.JCTree$JCMethodDecl.accept(JCTree.java:800)
	at com.sun.source.util.TreePathScanner.scan(TreePathScanner.java:50)
	at io.vertx.codetrans.ModelBuilder.build(ModelBuilder.java:64)
	at io.vertx.codetrans.CodeTranslator.translate(CodeTranslator.java:42)
	at io.vertx.codetrans.CodeTransProcessor.process(CodeTransProcessor.java:128)
	at com.sun.tools.javac.processing.JavacProcessingEnvironment.callProcessor(JavacProcessingEnvironment.java:794)
	at com.sun.tools.javac.processing.JavacProcessingEnvironment.discoverAndRunProcs(JavacProcessingEnvironment.java:705)
	at com.sun.tools.javac.processing.JavacProcessingEnvironment.access$1800(JavacProcessingEnvironment.java:91)
	at com.sun.tools.javac.processing.JavacProcessingEnvironment$Round.run(JavacProcessingEnvironment.java:1035)
	at com.sun.tools.javac.processing.JavacProcessingEnvironment.doProcessing(JavacProcessingEnvironment.java:1176)
	at com.sun.tools.javac.main.JavaCompiler.processAnnotations(JavaCompiler.java:1170)
	at com.sun.tools.javac.main.JavaCompiler.compile(JavaCompiler.java:856)
	at com.sun.tools.javac.main.Main.compile(Main.java:523)
	at com.sun.tools.javac.api.JavacTaskImpl.doCall(JavacTaskImpl.java:129)
	at com.sun.tools.javac.api.JavacTaskImpl.call(JavacTaskImpl.java:138)
	at org.codehaus.plexus.compiler.javac.JavaxToolsCompiler.compileInProcess(JavaxToolsCompiler.java:126)
	at org.codehaus.plexus.compiler.javac.JavacCompiler.performCompile(JavacCompiler.java:169)
	at org.apache.maven.plugin.compiler.AbstractCompilerMojo.execute(AbstractCompilerMojo.java:785)
	at org.apache.maven.plugin.compiler.CompilerMojo.execute(CompilerMojo.java:129)
	at org.apache.maven.plugin.DefaultBuildPluginManager.executeMojo(DefaultBuildPluginManager.java:132)
	at org.apache.maven.lifecycle.internal.MojoExecutor.execute(MojoExecutor.java:208)
	at org.apache.maven.lifecycle.internal.MojoExecutor.execute(MojoExecutor.java:153)
	at org.apache.maven.lifecycle.internal.MojoExecutor.execute(MojoExecutor.java:145)
	at org.apache.maven.lifecycle.internal.LifecycleModuleBuilder.buildProject(LifecycleModuleBuilder.java:116)
	at org.apache.maven.lifecycle.internal.LifecycleModuleBuilder.buildProject(LifecycleModuleBuilder.java:80)
	at org.apache.maven.lifecycle.internal.builder.singlethreaded.SingleThreadedBuilder.build(SingleThreadedBuilder.java:51)
	at org.apache.maven.lifecycle.internal.LifecycleStarter.execute(LifecycleStarter.java:120)
	at org.apache.maven.DefaultMaven.doExecute(DefaultMaven.java:355)
	at org.apache.maven.DefaultMaven.execute(DefaultMaven.java:155)
	at org.apache.maven.cli.MavenCli.execute(MavenCli.java:584)
	at org.apache.maven.cli.MavenCli.doMain(MavenCli.java:216)
	at org.apache.maven.cli.MavenCli.main(MavenCli.java:160)
	at sun.reflect.NativeMethodAccessorImpl.invoke0(Native Method)
	at sun.reflect.NativeMethodAccessorImpl.invoke(NativeMethodAccessorImpl.java:62)
	at sun.reflect.DelegatingMethodAccessorImpl.invoke(DelegatingMethodAccessorImpl.java:43)
	at java.lang.reflect.Method.invoke(Method.java:497)
	at org.codehaus.plexus.classworlds.launcher.Launcher.launchEnhanced(Launcher.java:289)
	at org.codehaus.plexus.classworlds.launcher.Launcher.launch(Launcher.java:229)
	at org.codehaus.plexus.classworlds.launcher.Launcher.mainWithExitCode(Launcher.java:415)
	at org.codehaus.plexus.classworlds.launcher.Launcher.main(Launcher.java:356)
Skipping generation of io.vertx.example.apex.rest.SimpleREST
java.lang.UnsupportedOperationException: Invoking a method of the same class is not supported
	at io.vertx.codetrans.ModelBuilder.visitMethodInvocation(ModelBuilder.java:340)
	at io.vertx.codetrans.ModelBuilder.visitMethodInvocation(ModelBuilder.java:47)
	at com.sun.tools.javac.tree.JCTree$JCMethodInvocation.accept(JCTree.java:1477)
	at com.sun.source.util.TreePathScanner.scan(TreePathScanner.java:68)
	at io.vertx.codetrans.ModelBuilder.scan(ModelBuilder.java:72)
	at io.vertx.codetrans.ModelBuilder.visitExpressionStatement(ModelBuilder.java:166)
	at io.vertx.codetrans.ModelBuilder.visitExpressionStatement(ModelBuilder.java:47)
	at com.sun.tools.javac.tree.JCTree$JCExpressionStatement.accept(JCTree.java:1302)
	at com.sun.source.util.TreePathScanner.scan(TreePathScanner.java:68)
	at io.vertx.codetrans.ModelBuilder.scan(ModelBuilder.java:68)
	at io.vertx.codetrans.ModelBuilder.lambda$visitBlock$67(ModelBuilder.java:356)
	at io.vertx.codetrans.ModelBuilder$$Lambda$72/1824531116.apply(Unknown Source)
	at java.util.stream.ReferencePipeline$3$1.accept(ReferencePipeline.java:193)
	at java.util.Iterator.forEachRemaining(Iterator.java:116)
	at java.util.Spliterators$IteratorSpliterator.forEachRemaining(Spliterators.java:1801)
	at java.util.stream.AbstractPipeline.copyInto(AbstractPipeline.java:512)
	at java.util.stream.AbstractPipeline.wrapAndCopyInto(AbstractPipeline.java:502)
	at java.util.stream.ReduceOps$ReduceOp.evaluateSequential(ReduceOps.java:708)
	at java.util.stream.AbstractPipeline.evaluate(AbstractPipeline.java:234)
	at java.util.stream.ReferencePipeline.collect(ReferencePipeline.java:499)
	at io.vertx.codetrans.ModelBuilder.visitBlock(ModelBuilder.java:356)
	at io.vertx.codetrans.ModelBuilder.visitBlock(ModelBuilder.java:47)
	at com.sun.tools.javac.tree.JCTree$JCBlock.accept(JCTree.java:918)
	at com.sun.source.util.TreePathScanner.scan(TreePathScanner.java:68)
	at io.vertx.codetrans.ModelBuilder.scan(ModelBuilder.java:68)
	at io.vertx.codetrans.ModelBuilder.visitMethod(ModelBuilder.java:448)
	at io.vertx.codetrans.ModelBuilder.visitMethod(ModelBuilder.java:47)
	at com.sun.tools.javac.tree.JCTree$JCMethodDecl.accept(JCTree.java:800)
	at com.sun.source.util.TreePathScanner.scan(TreePathScanner.java:50)
	at io.vertx.codetrans.ModelBuilder.build(ModelBuilder.java:64)
	at io.vertx.codetrans.CodeTranslator.translate(CodeTranslator.java:42)
	at io.vertx.codetrans.CodeTransProcessor.process(CodeTransProcessor.java:128)
	at com.sun.tools.javac.processing.JavacProcessingEnvironment.callProcessor(JavacProcessingEnvironment.java:794)
	at com.sun.tools.javac.processing.JavacProcessingEnvironment.discoverAndRunProcs(JavacProcessingEnvironment.java:705)
	at com.sun.tools.javac.processing.JavacProcessingEnvironment.access$1800(JavacProcessingEnvironment.java:91)
	at com.sun.tools.javac.processing.JavacProcessingEnvironment$Round.run(JavacProcessingEnvironment.java:1035)
	at com.sun.tools.javac.processing.JavacProcessingEnvironment.doProcessing(JavacProcessingEnvironment.java:1176)
	at com.sun.tools.javac.main.JavaCompiler.processAnnotations(JavaCompiler.java:1170)
	at com.sun.tools.javac.main.JavaCompiler.compile(JavaCompiler.java:856)
	at com.sun.tools.javac.main.Main.compile(Main.java:523)
	at com.sun.tools.javac.api.JavacTaskImpl.doCall(JavacTaskImpl.java:129)
	at com.sun.tools.javac.api.JavacTaskImpl.call(JavacTaskImpl.java:138)
	at org.codehaus.plexus.compiler.javac.JavaxToolsCompiler.compileInProcess(JavaxToolsCompiler.java:126)
	at org.codehaus.plexus.compiler.javac.JavacCompiler.performCompile(JavacCompiler.java:169)
	at org.apache.maven.plugin.compiler.AbstractCompilerMojo.execute(AbstractCompilerMojo.java:785)
	at org.apache.maven.plugin.compiler.CompilerMojo.execute(CompilerMojo.java:129)
	at org.apache.maven.plugin.DefaultBuildPluginManager.executeMojo(DefaultBuildPluginManager.java:132)
	at org.apache.maven.lifecycle.internal.MojoExecutor.execute(MojoExecutor.java:208)
	at org.apache.maven.lifecycle.internal.MojoExecutor.execute(MojoExecutor.java:153)
	at org.apache.maven.lifecycle.internal.MojoExecutor.execute(MojoExecutor.java:145)
	at org.apache.maven.lifecycle.internal.LifecycleModuleBuilder.buildProject(LifecycleModuleBuilder.java:116)
	at org.apache.maven.lifecycle.internal.LifecycleModuleBuilder.buildProject(LifecycleModuleBuilder.java:80)
	at org.apache.maven.lifecycle.internal.builder.singlethreaded.SingleThreadedBuilder.build(SingleThreadedBuilder.java:51)
	at org.apache.maven.lifecycle.internal.LifecycleStarter.execute(LifecycleStarter.java:120)
	at org.apache.maven.DefaultMaven.doExecute(DefaultMaven.java:355)
	at org.apache.maven.DefaultMaven.execute(DefaultMaven.java:155)
	at org.apache.maven.cli.MavenCli.execute(MavenCli.java:584)
	at org.apache.maven.cli.MavenCli.doMain(MavenCli.java:216)
	at org.apache.maven.cli.MavenCli.main(MavenCli.java:160)
	at sun.reflect.NativeMethodAccessorImpl.invoke0(Native Method)
	at sun.reflect.NativeMethodAccessorImpl.invoke(NativeMethodAccessorImpl.java:62)
	at sun.reflect.DelegatingMethodAccessorImpl.invoke(DelegatingMethodAccessorImpl.java:43)
	at java.lang.reflect.Method.invoke(Method.java:497)
	at org.codehaus.plexus.classworlds.launcher.Launcher.launchEnhanced(Launcher.java:289)
	at org.codehaus.plexus.classworlds.launcher.Launcher.launch(Launcher.java:229)
	at org.codehaus.plexus.classworlds.launcher.Launcher.mainWithExitCode(Launcher.java:415)
	at org.codehaus.plexus.classworlds.launcher.Launcher.main(Launcher.java:356)
Generated /Users/julien/java/vertx-examples/apex-examples/src/main/js/io/vertx/example/apex/templating/server.js
Creating dir /Users/julien/java/vertx-examples/apex-examples/src/main/js/io/vertx/example/apex/templating/templates
Copying resource /Users/julien/java/vertx-examples/apex-examples/src/main/java/io/vertx/example/apex/templating/templates/mytempl.templ to /Users/julien/java/vertx-examples/apex-examples/src/main/js/io/vertx/example/apex/templating
Creating dir /Users/julien/java/vertx-examples/apex-examples/src/main/js/io/vertx/example/apex/templating/webroot
Copying resource /Users/julien/java/vertx-examples/apex-examples/src/main/java/io/vertx/example/apex/templating/webroot/index.html to /Users/julien/java/vertx-examples/apex-examples/src/main/js/io/vertx/example/apex/templating
Copying resource /Users/julien/java/vertx-examples/apex-examples/src/main/java/io/vertx/example/apex/templating/webroot/page1.html to /Users/julien/java/vertx-examples/apex-examples/src/main/js/io/vertx/example/apex/templating
Copying resource /Users/julien/java/vertx-examples/apex-examples/src/main/java/io/vertx/example/apex/templating/webroot/page2.html to /Users/julien/java/vertx-examples/apex-examples/src/main/js/io/vertx/example/apex/templating
Generated /Users/julien/java/vertx-examples/apex-examples/src/main/groovy/io/vertx/example/apex/templating/server.groovy
Creating dir /Users/julien/java/vertx-examples/apex-examples/src/main/groovy/io/vertx/example/apex/templating/templates
Copying resource /Users/julien/java/vertx-examples/apex-examples/src/main/java/io/vertx/example/apex/templating/templates/mytempl.templ to /Users/julien/java/vertx-examples/apex-examples/src/main/groovy/io/vertx/example/apex/templating
Creating dir /Users/julien/java/vertx-examples/apex-examples/src/main/groovy/io/vertx/example/apex/templating/webroot
Copying resource /Users/julien/java/vertx-examples/apex-examples/src/main/java/io/vertx/example/apex/templating/webroot/index.html to /Users/julien/java/vertx-examples/apex-examples/src/main/groovy/io/vertx/example/apex/templating
Copying resource /Users/julien/java/vertx-examples/apex-examples/src/main/java/io/vertx/example/apex/templating/webroot/page1.html to /Users/julien/java/vertx-examples/apex-examples/src/main/groovy/io/vertx/example/apex/templating
Copying resource /Users/julien/java/vertx-examples/apex-examples/src/main/java/io/vertx/example/apex/templating/webroot/page2.html to /Users/julien/java/vertx-examples/apex-examples/src/main/groovy/io/vertx/example/apex/templating
